[INFO] Scanning for projects...
[INFO]                                                                         
[INFO] ------------------------------------------------------------------------
[INFO] Building java-skip-list 1.0
[INFO] ------------------------------------------------------------------------
[INFO] 
[INFO] --- maven-checkstyle-plugin:2.17:check (validate) @ java-skip-list ---
[INFO] Starting audit...
Audit done.
[INFO] 
[INFO] --- maven-resources-plugin:2.6:resources (default-resources) @ java-skip-list ---
[INFO] Using 'UTF-8' encoding to copy filtered resources.
[INFO] skip non existing resourceDirectory /home/julian/Documents/School/java-skip-list/src/main/resources
[INFO] 
[INFO] --- maven-compiler-plugin:3.6.1:compile (default-compile) @ java-skip-list ---
[INFO] Nothing to compile - all classes are up to date
[INFO] 
[INFO] --- maven-resources-plugin:2.6:testResources (default-testResources) @ java-skip-list ---
[INFO] Using 'UTF-8' encoding to copy filtered resources.
[INFO] skip non existing resourceDirectory /home/julian/Documents/School/java-skip-list/src/test/resources
[INFO] 
[INFO] --- maven-compiler-plugin:3.6.1:testCompile (default-testCompile) @ java-skip-list ---
[INFO] Nothing to compile - all classes are up to date
[INFO] 
[INFO] --- maven-surefire-plugin:2.17:test (default-test) @ java-skip-list ---
[INFO] Surefire report directory: /home/julian/Documents/School/java-skip-list/target/surefire-reports

-------------------------------------------------------
 T E S T S
-------------------------------------------------------
Running com.johnstarich.ee360p.skiplist.SkipListEdgeTest


Starting test: addLots1
[]
[5, ]
[2, 5, ]
[2, 4, 5, ]
[2, 3, 4, 5, ]


Starting test: addLots


Starting test: remove


Starting test: contains


Starting test: addMultiple


Starting test: add
Tests run: 6, Failures: 0, Errors: 0, Skipped: 0, Time elapsed: 0.029 sec - in com.johnstarich.ee360p.skiplist.SkipListEdgeTest
Running com.johnstarich.ee360p.skiplist.SkipListTest
Tests run: 1, Failures: 0, Errors: 0, Skipped: 0, Time elapsed: 0 sec - in com.johnstarich.ee360p.skiplist.SkipListTest
Running com.johnstarich.ee360p.skiplist.JavaConcurrentSkipListSetTest


Starting RemoveRandom Benchmark Sync
OurIMPL 0	391141	6623	9497	17857	36593	84557	133829	156534	224437	426954	339418	545957	1228931	2576502	5428348	11986915	34359605	91152513	304902994	864622567
JavaIMPL 0	39801	17233	27579	20137	48210	146082	215652	191071	294188	464780	921299	853018	1812865	3902673	5185504	10227945	25349920	56861220	149405486	361543342
OurIMPL 1	5753	336	475	1611	2714	5793	11963	25014	53172	117065	233375	460139	779660	1935917	4249166	11159889	26674241	91960906	309812326	977375461
JavaIMPL 1	759	291	269	624	1906	3615	7883	16867	36382	75316	165897	360351	815726	1875684	4439915	10894873	23064612	57001458	146618070	364833245
OurIMPL 2	843	339	474	1016	1681	3709	8006	16427	34040	74068	161919	365313	869700	2182121	4431982	11775332	31097054	91664315	306561639	1179810303
JavaIMPL 2	596	219	546	790	1449	3963	7187	15670	32046	76100	168488	360346	822680	1872437	4403202	10417115	22860971	55877717	148648732	360135864
OurIMPL 3	757	356	484	1022	1709	3727	8102	16284	34508	74739	159039	375089	876397	2058803	4663895	11465250	29499898	90544561	300823511	1344457414
JavaIMPL 3	637	196	986	666	1499	2940	6535	15876	33689	76105	166877	360012	807572	1884371	4339771	10396721	22995608	56507022	146627492	369134031
OurIMPL 4	763	313	493	1039	1730	3764	7877	16486	34160	71976	160271	366334	896837	2058239	4796817	10946124	30019952	91482501	311336363	1357941583
JavaIMPL 4	1062	230	252	626	1650	3222	5858	16542	34949	76562	162575	358402	812758	1913906	4159093	9826491	22674705	58725800	150538743	366498694
OurIMPL 5	886	322	495	993	1699	3654	7887	16305	34632	73648	157636	436650	793720	1746950	4243012	11740771	30874445	96644283	309061587	1346642591
JavaIMPL 5	674	182	248	737	1355	6309	9504	15078	33023	80272	163016	378387	831929	1897397	4393240	10182655	23516274	55428524	146260865	361485560
OurIMPL 6	577	337	465	1060	1709	3801	8200	16167	34887	73294	157521	355991	875875	2050832	4697816	11537141	32422050	88584412	302672174	1340734769
JavaIMPL 6	661	191	223	737	1484	4322	6323	15850	33103	73532	161257	378301	795009	1840819	4286363	10090236	23428384	56013383	145400626	368062836
OurIMPL 7	1098	289	452	987	1636	3628	7869	16161	34884	74850	157801	380692	926615	2265890	5248845	12238798	29383953	87794313	304918486	1348647668
JavaIMPL 7	663	193	273	716	1718	3452	6497	16485	36077	72901	163256	355014	813790	1884198	4348869	10133212	24983622	56890305	147257402	365494405
OurIMPL 8	737	342	474	976	1677	3695	7997	16158	34436	74228	159820	364121	930590	2196178	4672755	10967869	30383100	91744857	302740160	975285847
JavaIMPL 8	647	193	242	716	1313	2549	7094	16308	33530	74527	169820	354007	808263	1852838	4390183	10095193	23220751	56473197	148028145	365751432
OurIMPL 9	786	356	467	1010	1736	3684	7961	16345	34325	73129	156966	363117	890657	2105844	4817217	11906341	33009878	88130148	308254647	1350934262
JavaIMPL 9	1023	167	468	780	1350	3172	6143	15649	34684	76204	171059	375722	810795	1870339	4372105	10174456	23205744	56377457	147398863	368079193


Starting RemoveRandom Benchmark Concurrent 1
OurIMPL 0	947	467	415	988	1646	3743	8015	16376	34118	73465	156620	361222	864319	2003117	4663319	11041687	29776981	82961910	307255738	1342327096
JavaIMPL 0	467	156	253	701	1013	2668	6213	14891	34372	75976	163527	376619	799531	1852952	4340124	10038291	23217424	58984755	149799691	369431283
OurIMPL 1	978	241	427	997	1612	3733	7756	16311	34451	74076	165565	368713	875815	2081351	4707016	11431488	29959654	91223657	307758432	868581457
JavaIMPL 1	454	142	339	926	1635	3510	7334	15573	35407	74272	169754	365494	803661	1865727	4301674	9984364	22915088	57396179	148972194	368207711
OurIMPL 2	774	277	430	935	1611	3585	8039	15949	34211	73017	157188	361318	884652	2073549	4649800	11630476	29544684	92752567	309130381	1355163107
JavaIMPL 2	421	121	253	499	921	3424	7256	16154	32725	80514	165831	368718	817179	1932395	4369309	10241910	23082818	61248636	151226957	371950128
OurIMPL 3	699	393	644	1353	2353	5333	10835	22819	48288	105156	224681	497671	1193375	2020750	4645937	11501484	29561296	89254386	302869916	1317720273
JavaIMPL 3	479	142	171	495	1642	3725	6238	16603	33753	78177	171905	360645	809496	1870069	4344196	10046660	23123875	56580804	144080911	363162481
OurIMPL 4	507	311	412	977	1650	3694	8138	16219	34948	72419	158818	352317	892803	2018762	4725463	11336137	29325785	90634236	300292924	1061979260
JavaIMPL 4	419	204	167	353	1251	2836	7322	14681	33019	76990	166165	361746	800140	1848714	4340573	10282975	22809520	55732308	147923679	363924049
OurIMPL 5	540	214	394	941	1619	3600	7805	16056	34376	73892	155635	364522	900498	1998897	4642277	11287150	30307971	89958396	306108630	1324616877
JavaIMPL 5	993	108	328	542	1240	3594	7371	16169	32943	75829	164265	356915	815052	1848328	4395378	10055090	22776824	57535404	151087734	366017174
OurIMPL 6	607	251	415	947	1638	3673	7747	16379	34152	73379	158418	367630	880489	1988704	4844956	11559017	29572750	104067008	314547619	1335251803
JavaIMPL 6	491	250	276	533	981	3530	7879	15602	32252	76178	161753	366910	827767	1887317	4434543	10229453	23156421	56446469	148021821	364693325
OurIMPL 7	661	294	413	943	1616	3624	7931	16243	34531	73585	153775	378459	857261	2019433	4698339	10910102	30867831	91573095	309476683	1332653703
JavaIMPL 7	446	148	146	484	1220	3186	6606	13693	32792	74109	166889	356277	796989	1842476	4399465	10229380	23003353	56983353	148696614	368042337
OurIMPL 8	638	294	428	890	1652	3548	7921	15770	34698	72714	155694	373246	880664	2041721	4730982	11299760	30213191	88867007	237973138	1335437882
JavaIMPL 8	461	112	317	745	1737	3141	7678	15567	39297	97136	204327	478531	791372	1933396	4403784	10252907	22553239	55385744	150977149	359179713
OurIMPL 9	852	384	579	1388	2384	5346	11510	23171	50006	86427	159212	368247	876793	2058017	4669118	11296760	28639256	90237104	299992714	1162714620
JavaIMPL 9	443	179	235	803	1368	2864	8210	14937	35604	74876	169949	372293	794858	1853567	4344018	9974141	22487880	56949325	148535737	359339990


Starting RemoveRandom Benchmark Concurrent 2
OurIMPL 0	415	846	17985	31930	24326	49014	68313	144648	244779	371273	799189	1156860	1774807	3474992	7862830	16019646	28335060	74683081	199257239	530266451
JavaIMPL 0	578	27328	22649	33904	23390	34740	90393	189798	378476	703661	2274369	1964423	3603948	8122117	4615675	10114988	21635504	52480129	144096575	329924487
OurIMPL 1	192	10282	663	1460	2872	7322	10106	31339	67706	130232	276301	571739	1200884	2505044	5330270	11993700	28669757	75705515	203646956	688888077
JavaIMPL 1	168	710	355	714	3180	3561	9702	21970	51291	94319	217684	449060	782256	1860681	4268570	9849633	22077642	49971320	129894575	333486159
OurIMPL 2	229	533	509	930	2058	5834	16843	28825	69688	125841	264563	572377	1174249	2397740	5168806	11991537	28345705	73715003	199826240	697647292
JavaIMPL 2	177	612	410	681	1321	2756	5164	21440	39629	93535	197468	445452	872975	1958852	4387925	9660553	21813187	48523907	126137140	326935986
OurIMPL 3	244	685	743	1430	2534	5631	14443	33099	57985	129123	268884	537056	1127851	2407433	5218339	14222991	28948760	73691954	204832671	676346130
JavaIMPL 3	165	557	382	423	1284	2461	3855	21786	42317	95974	217030	414431	912979	1883007	4307738	9623474	21466201	48932665	125227789	322345776
OurIMPL 4	215	660	699	1138	2498	4490	13231	31291	63169	125198	257186	535212	1142545	2354837	5104700	11345419	28087416	64948595	205289108	725799058
JavaIMPL 4	183	614	482	727	1163	2975	8411	19641	46856	91954	198659	449107	900876	1917705	4270493	9624336	22555549	50225776	128417831	324583900
OurIMPL 5	150	627	634	1366	1815	3782	17149	23745	67529	130474	278652	560921	1181319	2492043	5303635	11718868	29059730	75333736	209880193	695930296
JavaIMPL 5	256	615	232	559	1135	2584	6922	19151	47210	96746	225781	454363	915431	1931576	4449887	9681734	22140987	48969495	126887122	323304497
OurIMPL 6	203	570	521	1370	2202	4700	9752	19720	41347	87432	244444	534628	1163572	2414745	5047851	11506858	28801506	74602595	194877449	690143991
JavaIMPL 6	179	812	420	628	1152	2075	7205	13341	44894	91821	212851	445540	951812	1973011	4445456	9810685	21974703	49536643	125944561	325927788
OurIMPL 7	142	623	765	858	1699	7741	9065	45173	63933	129394	270802	561310	1173297	2455975	5258280	11830913	28824857	72944699	194500720	697479862
JavaIMPL 7	789	698	263	403	1465	5235	8048	18058	41589	99134	207765	440068	921059	1955429	4279886	9605467	22057987	48474329	125919498	325355795
OurIMPL 8	170	683	519	862	2502	5511	17760	32278	67593	128927	272656	580372	1192202	2468392	5381537	11813322	28929950	73762628	197657617	684577247
JavaIMPL 8	190	661	174	552	1668	3460	7757	19586	44558	100532	204309	438837	912675	1961980	4294072	9510075	21649582	47622281	126901213	327976596
OurIMPL 9	248	685	692	1147	2225	4802	8106	19792	46334	127483	264542	541329	1147819	2416728	4953660	11729232	25680385	74832398	200280811	697304536
JavaIMPL 9	193	778	290	357	1642	4313	8482	20117	50301	109065	214527	445475	912577	1978698	4444049	9746987	22081452	51337070	128684206	319260861


Starting RemoveRandom Benchmark Concurrent 4
OurIMPL 0	258	215	1228	1424	3092	6407	15189	74957	65556	128751	204841	492262	1009748	2164433	4666521	10998355	23949582	60015541	152060662	405550045
JavaIMPL 0	337	80	1950	1052	1111	2753	10587	10257	33691	129671	284154	547241	1039780	2082564	4545848	9880701	28448064	48850046	116256031	308865508
OurIMPL 1	381	107	1122	2314	3726	95252	1156161	121081	190763	283577	567279	1121572	2175835	4416465	9042521	19020113	24516429	69950433	156016167	388016514
JavaIMPL 1	434	151	1033	642	1172	3160	7332	18229	37521	107692	270645	509923	899611	2095406	4416110	9692664	21186150	47344242	110067033	279040825
OurIMPL 2	397	86	1131	1292	2663	10161	10210	23620	64445	143523	266012	564932	1074136	2218814	4786942	10292201	23433920	60611246	152441682	335316877
JavaIMPL 2	274	115	968	708	1009	3362	8122	13307	31896	89364	238300	527527	1074509	2043199	4435838	9690156	21357152	46220567	107474170	280826155
OurIMPL 3	332	98	1225	1257	3074	6552	13775	37304	69600	148309	279410	575344	1204528	2572055	5317873	11675907	27039081	66398770	166133229	375374263
JavaIMPL 3	246	95	1155	632	2884	3378	8181	12984	37082	108439	228295	540546	1093704	2021391	4306884	9850820	21198271	46442580	107659659	282222789
OurIMPL 4	370	98	1256	1276	3019	8390	15852	18631	45653	108809	264594	539919	1073734	2347915	4752784	10424076	23441443	59717920	146702053	404353799
JavaIMPL 4	303	122	889	697	1524	5137	10839	13487	29158	98071	208985	500836	1087457	2102235	4303980	9675937	21086085	47336939	108278655	288040274
OurIMPL 5	259	80	1126	1527	2372	7734	8551	23318	60471	128390	258067	494092	1126155	2290032	4924764	10580160	24274640	63251807	151000642	452224966
JavaIMPL 5	368	121	1008	650	1263	2896	9994	12949	26242	85038	267030	568411	1101243	2162100	4670522	10058322	21913712	48421898	116906868	305217327
OurIMPL 6	313	114	1105	1157	3388	6960	19314	35030	65080	135355	270038	547515	1101880	2255181	4819550	10349492	24100691	59978495	150517461	433753872
JavaIMPL 6	354	85	1025	585	1302	3749	8750	14140	57085	134087	235254	519322	1080445	2473585	5128252	11057322	24423157	54800702	122637603	312062282
OurIMPL 7	385	102	1220	1302	2246	5426	13267	24982	70137	139450	250114	515809	1057076	2233319	4709135	10375218	23304490	59104378	150339968	442178032
JavaIMPL 7	361	149	1147	2024	2138	3746	5462	13400	33800	94659	284147	351219	714838	1432776	3348854	10131081	22321136	47835186	112949544	287504938
OurIMPL 8	336	94	1284	1316	3323	4324	23646	35894	57319	151097	266471	523380	1168339	2329314	5089403	10693116	25061008	60955525	153969049	398244538
JavaIMPL 8	283	79	826	667	1266	3726	7647	47677	58993	100908	251351	526865	1145697	2158450	4646345	9989828	21772389	48609528	112604689	284929442
OurIMPL 9	137	114	1192	1425	3223	6134	17086	31750	61118	156166	267299	542164	1110582	2291784	4886689	10794717	22924494	60762975	150507564	407601921
JavaIMPL 9	306	128	897	641	1513	3958	13755	14573	31979	119053	145160	308966	1009371	1858823	3855029	9016412	22532311	48852786	115065403	314620165


Starting RemoveRandom Benchmark Concurrent 8
OurIMPL 0	315	275	314	2305	2981	8964	23475	75111	140964	209955	370604	776041	1280685	2667852	10945308	20973590	40821784	62062177	124326261	369051286
JavaIMPL 0	790	186	180	1389	3462	6222	15381	19648	52207	174907	288306	763829	1400953	2259298	5749161	11441871	25116489	54635436	123233266	307687334
OurIMPL 1	443	226	244	2254	14140	7508	17545	69814	81208	241096	319875	625982	1346307	2569918	5273774	12114080	26653431	62928797	152769879	382946333
JavaIMPL 1	631	182	184	1700	2616	4431	15444	27425	37041	78658	349102	458161	1416730	2943383	5810720	11371159	24772110	54323849	122884814	243069705
OurIMPL 2	475	201	191	1920	3695	6071	13573	52791	58494	178201	320604	700028	1359178	2682259	5605204	11901898	26117149	62545269	152974150	373928001
JavaIMPL 2	422	215	171	1888	2356	4672	17330	23548	36665	125860	287432	668282	1290672	1754842	3157089	11864568	24488956	51793281	113729244	257930465
OurIMPL 3	615	210	334	2056	3466	6665	19667	38215	51007	150330	362722	604773	1134163	2308544	5423869	10703186	25720034	61181854	150822380	298604141
JavaIMPL 3	401	219	215	79043	16526	6715	14140	36499	40996	76670	304064	676880	1297697	2681170	5671196	11891428	25422566	54142449	122457605	308759721
OurIMPL 4	352	151	220	2565	6622	4451	56081	69442	75508	458746	954232	2107626	3902802	13741886	15986384	32869525	65896891	61652327	150702922	369723659
JavaIMPL 4	354	225	167	2681	2633	5329	15293	15960	38300	141806	314039	510140	1103147	2482581	5015738	10948850	14297593	52860652	118958996	300786886
OurIMPL 5	683	201	225	2809	2591	5078	54214	62258	209928	109711	299473	580652	995960	2524075	5143182	11250313	25753660	60765805	154699920	278970312
JavaIMPL 5	370	183	216	2969	2215	8089	12075	32039	48427	80818	307894	682016	1343052	2621607	5359702	11510836	24069573	53600837	122562190	306422422
OurIMPL 6	404	174	201	2484	2571	7717	31417	62289	75336	261502	296738	803047	1266005	2596651	5511759	11504318	25182036	60594528	151613485	365400232
JavaIMPL 6	349	212	203	2269	3030	5312	13023	28019	39332	166513	317010	635735	1452350	2684888	5448054	11261354	24177507	53039277	121218236	304049294
OurIMPL 7	473	256	186	2188	3285	10106	91063	81712	116426	136819	247990	563082	1268493	2790290	5540179	11840116	25736407	60752698	149929798	412683012
JavaIMPL 7	530	182	199	2617	3107	6417	14483	23800	73345	98610	328192	698552	1435581	2667451	5574742	11780588	25145184	53842518	122891720	307302514
OurIMPL 8	549	331	232	2365	5391	19744	27003	64871	59014	153323	291314	576800	1190793	2469536	4305219	10525861	26052816	62050571	150632918	371451161
JavaIMPL 8	389	241	181	2181	4249	5165	14436	31461	36166	71858	330731	724308	1232111	2868762	5590049	10847453	18153949	38542230	100419353	305605426
OurIMPL 9	546	225	206	2382	2606	6503	16402	74313	76340	160019	252415	571368	1129345	2724403	5348578	4839230	25708225	61513978	149482895	381960850
JavaIMPL 9	346	213	189	2370	1401	6343	8747	26392	44192	171713	314031	692482	1476807	2865205	5426299	11509959	24588084	54052602	120192555	303273960


Starting RemoveHead Benchmark Sync
OurIMPL 0	4152	380	421	894	1439	2886	5789	11418	23181	46369	92765	189057	378683	822228	1644487	3322033	6233438	12098295	23934665	47833932
JavaIMPL 0	5586	136	298	283	1060	1921	3520	6611	11900	28392	60091	122627	246436	723760	1332863	2691407	5447649	11580934	25157218	47667807
OurIMPL 1	7751	413	525	1043	1807	3495	7482	14509	30429	61713	125105	250048	363466	756816	1501972	3007605	6021956	11989962	24147181	48175369
JavaIMPL 1	530	165	127	504	672	2173	2874	6570	14496	24988	53091	114073	224129	491099	1104152	2553725	5272003	10774592	29773680	48824052
OurIMPL 2	485	241	358	771	1211	2499	4846	9557	19198	37934	76554	163791	365804	747233	1517457	3020249	5962098	11905619	24067950	47992513
JavaIMPL 2	393	116	181	371	665	1466	3167	6353	14256	21365	56081	105952	233244	483487	1124507	2329490	5216283	10624934	23461607	45573760
OurIMPL 3	386	235	337	730	1211	2416	4774	9514	18906	37803	76831	164240	353708	729215	1478579	2980475	5985462	12065511	23972600	48837198
JavaIMPL 3	384	267	366	467	807	1349	2898	6080	12378	23947	54530	100891	247785	494941	994287	2342970	4558360	10744765	22444218	46832335
OurIMPL 4	614	241	325	738	1201	2433	4819	9646	19103	37565	79713	153586	307847	614335	1345421	2999870	6281232	11961102	23879122	75518823
JavaIMPL 4	297	78	185	365	560	1515	3008	6132	12403	23351	51060	113188	239242	515017	1226894	2632367	5760505	10777109	22605397	49220987
OurIMPL 5	524	330	498	999	1670	3288	6359	13232	25600	55997	76747	172558	363232	730177	1503654	2991109	7011625	11864388	24258442	47808054
JavaIMPL 5	535	104	198	216	820	1280	3353	5738	11378	24580	53161	113264	245435	534803	1103648	2472581	5045680	10588132	23120904	45533496
OurIMPL 6	652	228	348	775	1202	2441	4789	9525	19222	37995	76474	160108	355294	736268	1511114	2991438	6040041	12049374	25093343	47679359
JavaIMPL 6	831	108	400	496	590	1215	2758	5857	13305	21439	57844	109973	247100	480144	1052664	2355379	4863928	10819684	23004604	44007924
OurIMPL 7	374	250	348	775	1201	2473	4791	9480	19229	37877	77027	168500	354566	738267	1485090	2977353	5959240	12042057	23849891	47674303
JavaIMPL 7	386	96	310	499	750	1455	3277	6151	13159	24874	53798	117570	251150	509907	1131579	2404598	5329668	10677406	22007857	47890308
OurIMPL 8	808	235	352	826	1214	2472	4792	9553	19206	37899	76538	166140	358904	730854	1484606	2982999	6046465	12103803	23989329	48370197
JavaIMPL 8	376	63	149	560	778	1224	2665	6677	11047	23498	48554	105608	238486	512215	1153875	2366799	5349292	11079558	22947846	45919822
OurIMPL 9	801	238	363	772	1218	2457	4828	9586	19043	37822	79386	166790	360934	737757	1480307	3004027	5961760	12005529	23825511	76677706
JavaIMPL 9	359	267	326	266	844	1546	3505	4855	12204	25526	50662	115897	226032	502196	1213108	2807626	5693226	11273165	23265885	51601624


Starting RemoveHead Benchmark Concurrent 1
OurIMPL 0	403	372	631	1305	1783	3860	7549	14558	29522	59166	126687	251555	536218	1082292	1481580	3045019	6054465	12008579	24075603	48642922
JavaIMPL 0	392	101	179	525	753	1370	3345	6049	11075	25532	56740	105397	245966	500716	1084395	2852193	5037846	10955049	22703039	50270606
OurIMPL 1	639	367	477	959	1691	3451	6912	14526	28399	60361	120736	259568	434465	740231	1477334	2987666	6052360	11915895	24148257	47949856
JavaIMPL 1	385	232	271	401	541	1666	3310	5936	11926	27380	54100	106667	230102	492927	1063152	2378845	5234264	11009965	23177758	48215531
OurIMPL 2	901	246	335	792	1201	2449	4875	9468	19180	37817	76694	158370	363549	737256	1473295	3018028	6008558	11923498	28753127	48035439
JavaIMPL 2	810	122	209	231	810	1785	2620	5724	11126	25270	50567	106632	232244	514725	1196211	2559981	5427939	10209046	22906652	45992752
OurIMPL 3	423	261	359	802	1234	2456	4945	9582	19224	38048	77626	160441	373069	755939	1520335	2969457	5924966	12011152	23726745	48213810
JavaIMPL 3	757	83	445	452	884	1565	2585	5818	13177	25812	54669	104639	211871	497077	1154121	2544697	5027881	10909101	23518312	43804265
OurIMPL 4	322	250	352	748	1217	2436	4896	9342	18932	37327	77470	158237	355260	714257	1481094	2946691	5891220	11828959	24159959	75796761
JavaIMPL 4	383	67	181	420	578	1668	3068	6021	11841	22667	48150	105053	217896	499751	1222525	2557732	5586974	12837879	26725166	44053731
OurIMPL 5	400	252	369	833	1201	2452	4819	9506	19018	37990	76097	162118	355608	733113	1488195	2971609	6000622	11975946	23926980	48777053
JavaIMPL 5	360	70	292	304	1094	1289	3013	5795	12201	23492	56493	104928	221304	507905	1130269	2357780	5272220	11284396	23214520	48097484
OurIMPL 6	814	240	364	787	1260	2437	4818	9545	19087	38031	76983	161232	367340	728268	1489037	2968871	5963595	11960103	24211928	47939654
JavaIMPL 6	339	82	197	279	852	1292	2190	5046	11586	27094	55929	118191	222879	449766	1095495	2384906	4989755	10475102	22658062	50103349
OurIMPL 7	262	218	357	756	1226	2421	4889	9517	19193	37830	76676	162861	357765	732496	1469678	3021420	5972167	11991619	23920428	50637070
JavaIMPL 7	305	281	225	300	539	1339	3608	6248	11059	26086	48607	105856	245785	525522	1126865	2447762	5299031	11523191	24358742	50228436
OurIMPL 8	778	275	432	937	1540	3139	7518	13629	29664	58913	116520	158879	361417	733696	1506791	2989309	5985140	12072214	24133781	47931165
JavaIMPL 8	347	259	319	553	764	2034	2583	6146	11531	23115	49931	111605	210975	477015	1071817	2251433	4818291	10942292	23494571	45462933
OurIMPL 9	521	301	550	721	1186	2468	4854	9526	19192	37977	76613	160141	362728	731957	1470391	3004460	6072610	11869994	24438308	47681334
JavaIMPL 9	464	129	266	414	564	1657	2212	6215	12190	23277	53977	109056	243489	477528	1088231	2575248	5065199	10952870	22058513	47807247


Starting RemoveHead Benchmark Concurrent 2
OurIMPL 0	64	376	434	800	1458	4746	5280	24672	46282	95567	181753	363566	754828	1469617	10721699	56069311	109159872	246245921	414818948	595407004
JavaIMPL 0	33	705	338	388	837	1578	4980	10902	36877	82171	176392	293812	569616	1149871	2359657	4731795	9653129	18615826	37548162	86076605
OurIMPL 1	55	870	418	1191	2828	5096	11707	21369	49585	102536	202567	1508118	792818	1576798	24823463	62112411	117931539	226799333	317813969	691488965
JavaIMPL 1	46	500	324	429	914	1786	7836	11152	37827	79514	151845	296898	595376	1169967	2396225	4764936	9557100	16305063	35656221	72407824
OurIMPL 2	42	452	766	838	1372	2562	6702	24211	44896	93454	187849	371449	736362	1477666	13906730	56467755	115538546	248273639	444986289	506579593
JavaIMPL 2	62	588	387	282	1005	2010	5483	15479	40445	80086	156468	316821	623729	1118425	2419076	4841318	9150169	19278606	39358396	76565261
OurIMPL 3	65	616	618	726	2167	6861	7950	26229	49722	97668	195395	386401	779360	9883330	30065337	46934306	117885731	226585826	331951144	139513008
JavaIMPL 3	43	628	271	541	710	1381	5733	11658	34993	69791	156988	310378	611638	1186903	2482365	4803754	9784640	18208398	39864309	75577343
OurIMPL 4	53	1005	485	804	1786	2466	8072	13923	38204	82780	158504	326559	652815	1234439	2491246	58849577	110886493	237201260	478874677	971103778
JavaIMPL 4	51	487	153	1394	1076	2185	5694	12453	32811	75077	155682	292713	597236	1184823	2445157	4951046	9958059	19688861	36849978	71460164
OurIMPL 5	42	499	483	2149	1519	3387	8789	25520	49320	92194	171885	370833	765523	1504773	2971296	31715535	119457023	239369695	432691160	493061394
JavaIMPL 5	48	450	408	234	1228	4532	5093	20277	37109	78596	161230	322547	607967	1219825	2262809	4933164	8500070	18250191	35402673	74729622
OurIMPL 6	43	627	435	784	1699	3231	11160	26446	44190	94326	189437	371146	742988	1493143	31261638	61197513	121214432	197446385	430219276	564693229
JavaIMPL 6	58	575	251	474	1090	1808	5529	12620	38640	83502	133985	283544	594415	1125292	2287919	4428428	8369779	18670863	34064129	65516945
OurIMPL 7	43	458	448	791	1513	3501	10939	14888	42597	89580	187057	368154	731960	1477805	26543642	60900300	99767498	238988399	319650377	628258839
JavaIMPL 7	48	670	144	504	750	5229	4144	14334	43524	75803	153545	310544	606597	1180425	2324781	4736578	9587820	16312650	35845431	69610904
OurIMPL 8	53	756	431	774	1619	3527	9015	23926	42972	87117	172179	338654	700618	1899838	27661828	52208395	122609446	228400335	474457842	217112147
JavaIMPL 8	48	461	229	706	656	3466	7268	14478	29682	74054	157781	289492	584425	1112271	2254121	4572689	9205533	18392532	35262781	74399966
OurIMPL 9	55	770	429	785	1573	3194	6931	24293	43577	89115	161381	342539	672057	1304910	29674479	55658284	115121148	249061146	190376449	467055274
JavaIMPL 9	40	477	130	710	710	1277	8672	5933	11312	75922	150415	306058	573692	1158035	2176509	4742933	8698736	17094695	34332992	65940270


Starting RemoveHead Benchmark Concurrent 4
OurIMPL 0	112	59	1465	1754	3180	6843	64097	26406	302497	761679	1698133	3198672	7147570	15001837	29821715	56071881	123898034	250184858	499213598	1044477715
JavaIMPL 0	81	60	979	398	799	1728	8162	25986	37401	83150	234071	431450	778324	1626394	3167253	5613887	11491988	22760736	44554878	66955526
OurIMPL 1	72	87	811	1965	4103	5936	29934	21740	44276	813705	1788783	3061590	7432291	15082647	29453592	60937123	123478165	242475671	495588562	989523068
JavaIMPL 1	119	75	1036	482	2212	1995	3906	24568	31279	77140	175254	366183	752006	1530966	3041077	5745458	12115252	24855005	41331121	74444620
OurIMPL 2	118	60	1240	1155	2387	6247	26937	26380	56340	423948	1497445	2892110	5555829	14605684	30315173	59289063	127765398	244645778	487444992	991207555
JavaIMPL 2	102	73	716	948	912	3700	14062	30485	58836	113333	227681	444842	874177	1562646	3114431	6674424	9282779	20155277	35836573	78786333
OurIMPL 3	104	98	1602	1535	6378	5608	15149	178864	521330	917172	901984	4101808	7881581	15855274	31375677	66886124	131080617	257604176	504189653	1043855247
JavaIMPL 3	99	61	1022	990	1811	5867	17231	27274	40764	126140	233781	455717	854605	1677029	3316931	6239694	11257964	25188487	46123019	89522010
OurIMPL 4	73	94	2354	1423	2641	4563	30503	13723	163713	1005697	1672414	3933688	8116427	15923168	31012061	63843128	125997575	263427978	510435026	993167233
JavaIMPL 4	102	61	1127	477	851	3287	13928	25771	28844	120803	231212	429567	871131	1697805	2793748	5786448	12178577	22240009	45876231	91272282
OurIMPL 5	96	70	1810	1421	2112	3158	20608	23839	73285	725531	1893373	3565974	7818353	15622122	31031647	66212922	127668438	256210708	501863864	1019375988
JavaIMPL 5	115	60	753	680	1269	2286	7818	17158	33492	66452	190908	404847	734467	1596303	2898006	5808348	10073637	22053978	40810272	105349832
OurIMPL 6	120	65	1117	1096	2649	6018	7713	29627	50837	254974	1144455	3149702	7134913	14335753	29183480	59472228	115811318	240725179	488856390	1023949378
JavaIMPL 6	93	65	1238	685	3280	3346	12266	33269	33031	109870	236966	429148	923048	1749889	3171604	6234035	11362901	22807961	43662226	88093342
OurIMPL 7	105	65	1414	960	2385	5487	15282	187445	186159	809117	1554877	3853652	8012130	15811120	32038369	63852090	122980562	243307725	494686007	1016412690
JavaIMPL 7	82	66	1060	567	871	3130	9469	27800	52521	85954	235426	430866	826391	1464392	3010004	6079338	10729235	22234282	44859283	83872654
OurIMPL 8	97	82	1328	1226	2151	15236	67633	101003	157718	874557	1700557	3872085	7728363	15627944	29645477	58833157	123677850	247785816	500891830	990682372
JavaIMPL 8	112	67	946	647	1011	4640	11242	28949	46400	97682	202663	419464	774913	1341384	2759201	5473007	10694809	19034905	37610992	72442725
OurIMPL 9	97	77	875	1421	1868	4803	311588	17149	349576	795482	1803748	3041093	7504941	14874449	31014551	62211761	123488960	248325516	491745299	1009591858
JavaIMPL 9	100	61	1127	459	1760	5820	17516	33168	48465	110842	229597	460679	822567	1751363	3446428	6920259	12490635	23453104	53714452	92362393


Starting RemoveHead Benchmark Concurrent 8
OurIMPL 0	260	145	122	2097	3791	11450	59839	98880	87529	786106	1716018	3417245	7550376	14761269	29781414	60995576	124481183	249913418	507015295	1043624852
JavaIMPL 0	178	146	156	1590	1423	5184	12575	34633	61788	78210	242621	537980	1081881	1943756	3694678	7581174	13980917	27136648	55923729	112736859
OurIMPL 1	209	126	133	1976	7491	14970	49519	51078	211581	181325	1176011	3644075	7834700	15510519	32130996	64257281	139319102	253286089	523420950	1039716881
JavaIMPL 1	195	134	135	1412	3072	5923	14208	28702	60389	95124	291287	568338	1096790	2097306	4032276	7849854	14022605	29331100	56462520	116024214
OurIMPL 2	202	159	151	2531	3917	7762	11481	143150	345752	901788	1653599	3835558	7619127	16126988	31147819	65466254	129268218	260398893	527319437	1031577556
JavaIMPL 2	183	136	123	1826	2470	6427	12055	27703	43035	83034	222833	555259	1024894	1825090	3560925	6701889	14181461	26651146	54168830	98503861
OurIMPL 3	257	133	144	2388	3398	19711	45770	28730	237283	694797	1476545	3115653	6844567	15979178	29467358	59816467	121161527	252339885	515431864	795635564
JavaIMPL 3	162	179	133	2329	1947	5415	19143	39010	49278	114085	247166	397103	864501	1292036	2563514	5141744	10338737	20393364	53675051	104614761
OurIMPL 4	203	146	129	2363	6256	6139	58194	104155	468475	865996	1698800	3474901	7310179	15275798	30558187	62578512	124754158	246536799	494442843	1001165904
JavaIMPL 4	169	137	125	1540	1504	5007	16670	17198	59139	106307	247436	555625	1056003	1965089	3839690	7652588	14177924	30699464	57806301	101488174
OurIMPL 5	220	134	126	2211	3443	7179	17856	91401	452612	796122	1628704	3760772	7420037	14878430	30903035	64388774	129111532	253089512	510153707	1028398690
JavaIMPL 5	234	150	122	1123	1225	5192	14299	16894	66682	79246	275620	550783	1059303	2065335	3658867	7285805	13820808	28471073	54394730	107110835
OurIMPL 6	222	178	133	3496	15043	6393	20001	108928	227559	682909	1661656	3966591	7663579	15771061	31392018	62871130	127997198	281408946	518858507	1022737726
JavaIMPL 6	195	133	144	1557	3708	6149	14413	33436	36940	91768	199349	368434	1075452	1745969	4016173	7586891	14858294	28424643	58890921	112374037
OurIMPL 7	215	122	136	3257	4082	6295	37590	139935	58608	344700	1335705	3826128	7572450	15643977	30727317	69397729	128195990	259740166	522108982	1034110752
JavaIMPL 7	176	157	163	2341	3851	3309	15856	31786	53463	152541	275210	535862	999414	2115074	4021867	7745765	9351176	27164729	53490999	108008780
OurIMPL 8	200	164	128	2712	9740	7284	19108	112387	118263	357595	1697014	3428249	7354474	15236435	29558535	61789233	123161707	251098500	495247322	865197629
JavaIMPL 8	184	125	168	1877	1595	2238	13700	25335	64436	87896	244370	545179	1072858	1907231	3729017	7315514	14469111	26244241	54940938	103877283
OurIMPL 9	268	141	141	2682	2936	25186	77114	138297	58107	433659	1628020	3078721	7386896	16005283	31254097	63683143	128582758	254550232	514804932	1007670675
JavaIMPL 9	187	157	132	1598	2402	4992	12873	25908	65119	135554	279911	558521	1035486	1916009	3470443	7142730	13048004	25695471	52135367	106059502


Starting RemoveTail Benchmark Sync
OurIMPL 0	884	630	815	1704	3305	5348	12154	25506	51331	109340	154697	336081	706632	1511372	3811263	7762170	21782497	71548956	438641886	1095705614
JavaIMPL 0	1008	331	292	1009	1708	3267	7083	14302	31264	61126	141433	272246	553372	1146969	2078299	4225435	8930912	19372690	38381455	78316796
OurIMPL 1	6736	268	442	1004	1854	3732	7963	15679	31839	68435	137451	287583	624193	1344389	3213285	7616744	26745906	93447765	438019637	1353624243
JavaIMPL 1	486	378	361	512	1871	3306	6695	15078	29364	66727	140514	288253	620485	983860	2104603	4341408	9039786	19133256	38313018	84502387
OurIMPL 2	983	270	453	1028	1786	3736	7886	15907	32092	68894	137742	312701	651824	1356698	3446339	7637144	21356106	93616635	434767417	2268849911
JavaIMPL 2	371	124	206	350	1240	3020	5307	10326	22956	49562	103808	219786	474283	963837	2058652	4445973	8777985	18511021	39043713	78291775
OurIMPL 3	413	275	432	961	1766	3639	7695	15383	31763	68321	135435	292867	626626	1345243	3216202	7652092	21136459	71379883	434119283	1308297556
JavaIMPL 3	396	156	325	643	1335	2451	4494	11829	23342	49145	101811	215815	451779	994766	2068743	4272488	9043587	18936439	38427211	79844753
OurIMPL 4	347	279	423	976	1732	3651	8071	15425	32852	68856	139166	297890	677830	1487031	3544012	8295664	21515300	89768202	343429142	1168365096
JavaIMPL 4	445	209	341	464	835	2885	5591	12039	24138	50657	101747	210408	461545	941187	1992974	4276585	9106788	18768613	40215391	79124148
OurIMPL 5	504	344	573	1219	2533	4837	10280	22986	47048	91002	134421	294020	624121	1369485	3232957	7624099	20923519	94506930	418138591	1472449831
JavaIMPL 5	425	116	339	736	1450	2427	5219	11271	22448	48597	105122	223128	448607	967147	2033327	4286586	8897003	18504292	38318268	78008423
OurIMPL 6	342	278	460	970	1787	3792	7920	15839	31918	69141	133639	288131	627583	1362274	3225341	7575728	19781095	91921886	292231342	1106645574
JavaIMPL 6	456	125	406	688	1359	2211	5661	11522	23470	51230	107447	217460	460222	952491	2047789	4272861	8840728	18690938	38481546	78415309
OurIMPL 7	370	277	439	1002	1796	3853	7642	15145	31911	68694	138136	298612	638450	1346285	3208732	7598557	21377027	86086130	296355508	1083565519
JavaIMPL 7	332	178	249	531	1521	3118	5126	10398	25213	51151	100820	217665	437713	965638	2053816	4274194	8869325	18210734	38027976	83290727
OurIMPL 8	426	277	419	991	1709	3784	7681	15526	32240	67668	133668	287904	629429	1335693	3227207	7570664	21150914	91840481	267476568	1222262625
JavaIMPL 8	427	152	368	571	1402	2770	5620	12603	22345	48039	103368	224924	465569	947382	2042879	4267969	8869342	18508699	38594551	79718149
OurIMPL 9	452	273	431	1003	1751	3738	7750	15660	31863	68311	135691	295397	613265	1342475	3188667	7642674	20041831	92831393	432369074	2038589553
JavaIMPL 9	386	280	332	528	1451	2420	5377	11358	26883	49566	101487	212347	455285	988666	1986907	4381273	8959889	18512303	38336697	77874294


Starting RemoveTail Benchmark Concurrent 1
OurIMPL 0	295	323	491	1070	1786	3819	8084	16130	32309	69130	133483	295761	628180	1342305	3207405	7602805	21234377	75302448	433324445	1869997575
JavaIMPL 0	352	157	197	509	1272	2809	4706	11916	23696	47027	104094	222446	453848	990392	2030131	4304454	8930704	18172244	37525264	77984959
OurIMPL 1	467	307	463	1059	1772	3712	7860	15670	32299	68492	140658	294178	622828	1343320	3206858	7577117	20171954	94042596	364320690	1054439434
JavaIMPL 1	432	231	337	635	1067	3098	5488	11177	23510	49704	97522	220879	444483	974109	1995604	4199630	8887921	18766875	39470932	78074301
OurIMPL 2	608	409	657	1496	2527	5219	11220	23244	50874	95382	195629	419071	866294	1798143	3674756	7628937	21333387	95694542	434471271	1195649107
JavaIMPL 2	393	114	243	538	1264	3416	7185	10932	24488	49582	99467	207660	476174	959180	2039915	4288955	8980191	18398529	37845193	78337475
OurIMPL 3	461	275	460	1004	1804	3748	7891	15426	32120	67378	133442	297682	634416	1316928	3227397	7594097	21148091	61855086	437335373	1072381969
JavaIMPL 3	385	121	345	472	1490	2451	4875	11132	22991	47264	106451	219722	449133	956406	2034283	4336878	8924054	20335072	38190704	78803875
OurIMPL 4	403	275	438	1053	1807	3734	7781	16127	32021	69062	134750	290092	633957	1352243	3219824	7562630	19872662	90815765	279317881	1503383924
JavaIMPL 4	336	139	376	771	1595	2601	6457	12332	24496	47209	108960	218030	468232	982500	2121195	4532881	8964373	18769129	38536222	79339889
OurIMPL 5	383	290	443	1056	1849	3638	7655	15637	32658	67521	134659	297466	628465	1337226	3239874	7636186	21215280	90837631	313600183	1201715466
JavaIMPL 5	355	205	366	708	1030	2860	5467	11652	25167	49330	102597	220885	446756	952147	2029732	4233296	8850212	18644688	42371587	79620198
OurIMPL 6	364	277	428	999	1848	3755	7722	16017	32113	68208	136779	293636	616289	1356563	3185350	7610951	21590074	97297729	430791887	1568071393
JavaIMPL 6	827	220	384	438	986	2802	5883	10058	25432	49527	103389	220690	461276	941143	1992146	4215959	8799491	18469670	38216360	77369601
OurIMPL 7	525	264	417	996	1778	3821	8023	16096	32327	68618	134649	301462	613730	1340508	3212064	7606723	20819772	89002750	252892310	1137766853
JavaIMPL 7	570	144	189	676	1197	2529	5879	10364	25793	52905	104328	221258	464855	1012406	1963970	4273003	9047808	18624186	40667797	79085749
OurIMPL 8	431	270	442	1039	1785	3701	7923	15594	31734	68169	134101	297408	612011	1343987	3198323	7673650	21155710	90682318	437344555	1664152298
JavaIMPL 8	788	134	326	505	1191	2864	5148	12181	23176	49565	105200	225288	447182	984998	2021289	4271056	8938914	18646345	37823882	78846790
OurIMPL 9	328	291	445	1006	1750	3771	7921	15660	32270	68587	136226	297150	619372	1342435	3039023	7590649	21129426	94131293	304074650	1407269850
JavaIMPL 9	520	187	347	605	1157	2747	6410	12597	23346	49526	106704	214044	466024	1002135	2027130	4362039	9050994	18601908	39640380	79843756


Starting RemoveTail Benchmark Concurrent 2
OurIMPL 0	58	707	456	1438	2366	4255	11944	29787	60596	122144	249105	484518	1000719	1985285	4174016	8812217	21211354	50427527	141669946	588032388
JavaIMPL 0	41	602	235	483	1332	2996	8695	14056	37539	80981	172026	351081	713620	1460546	3120897	6409178	12770485	26539720	54450344	115761808
OurIMPL 1	72	1347	641	1357	4258	7687	17152	27842	57180	103545	222678	410986	867961	2218628	4498811	9780467	22037782	53490431	175506730	568594217
JavaIMPL 1	34	642	468	697	1008	3303	9700	20979	45317	82775	168432	350325	740488	1525003	3134784	6440444	13139427	27100402	55887708	114270391
OurIMPL 2	59	629	469	2461	2595	5552	12377	25254	49278	101287	197999	423704	847489	1877382	4008461	8475783	18873619	44672822	176040639	912757942
JavaIMPL 2	37	747	329	399	1388	4398	9835	18763	24324	85236	176994	351637	738158	1482868	3050451	6344080	13143107	27477814	61296556	115246764
OurIMPL 3	55	1221	689	1445	2385	4986	12425	24798	51211	96951	204930	461542	947517	1882393	4014640	8490965	18082760	48872040	178573721	786074555
JavaIMPL 3	37	580	243	467	1532	3445	9179	18385	41096	90297	172568	361122	707271	1495223	3040113	6209722	12954829	26875018	55572506	123325690
OurIMPL 4	46	756	689	1768	3169	5209	11864	24906	48704	98387	204575	442249	905860	1881957	3961571	8401519	18672232	45791076	157656698	601135669
JavaIMPL 4	33	590	343	410	1069	3204	7541	10628	43638	76168	155354	344473	703217	1479676	3099486	6207567	13132912	27087671	55150281	115322892
OurIMPL 5	43	3067	516	1417	2371	3688	8322	18295	65145	124095	252197	479634	982743	1982080	4079671	8933382	20308735	49607550	172936452	902533477
JavaIMPL 5	37	494	382	720	1746	2727	5508	13299	31495	64696	135765	286524	594330	1240987	2585075	5347323	11459984	23496509	49378983	107880131
OurIMPL 6	36	1720	491	2007	3765	4680	9048	17972	47142	93162	188683	358203	736299	1507639	3686301	8959464	20466773	49484569	183996385	935226593
JavaIMPL 6	33	483	353	593	947	2405	10969	19547	36210	78901	160403	345670	723700	1511378	3005879	6179985	12987085	26520962	54377593	110989408
OurIMPL 7	52	901	654	1201	3323	5127	14544	24175	47848	98946	202050	452482	925619	1878694	2923504	8528041	18920688	53412798	195221146	537448787
JavaIMPL 7	41	654	369	565	1422	2627	12355	16551	40583	74935	163257	348215	724592	1481427	3061852	6179788	12963832	26072620	54643013	110380418
OurIMPL 8	62	1013	697	1317	2433	7014	17648	32457	48544	118132	247706	419290	894526	1867703	3962714	8549082	17914465	48514744	166898235	511886821
JavaIMPL 8	44	917	300	865	1660	3252	8258	11304	30888	63081	135436	279361	599164	1239948	2561355	5466284	11258073	23456236	55030733	114336022
OurIMPL 9	66	846	739	985	1822	4360	8683	17782	67544	121503	245165	481887	1006868	2005727	4034631	9185791	20173674	51463699	174969352	565504600
JavaIMPL 9	39	786	494	569	852	2525	7866	22478	38311	86438	172841	359356	736577	1491338	3141205	6454113	12934249	26749821	55081642	112234295


Starting RemoveTail Benchmark Concurrent 4
OurIMPL 0	102	69	1167	1504	3750	15023	10858	51161	107176	145802	248656	511174	1127510	2386019	4879540	9946988	21100987	46583807	108287367	374348082
JavaIMPL 0	87	60	964	535	3058	4064	10018	14000	43876	122224	252603	485408	1022279	2018690	4024707	7881085	16404854	39243595	64919234	136119721
OurIMPL 1	107	89	1060	1140	5116	4956	11051	39864	64789	141795	298195	630642	1228708	2541779	5079001	10243569	22562416	49654931	111350103	292892652
JavaIMPL 1	96	60	1040	449	1320	4762	8359	14384	48442	105408	242047	434984	887904	1872435	3815950	7798598	15838830	32660581	66834214	134363153
OurIMPL 2	98	60	1205	1406	3034	11847	18017	29190	71176	117508	268276	607534	1203555	2574259	4778343	10081598	21157751	47092981	113286952	358315722
JavaIMPL 2	105	72	759	677	2473	5801	6951	13925	18134	108364	221740	448359	891582	1849634	3748011	7544487	15602893	31781045	65241575	133158129
OurIMPL 3	94	67	4213	1346	5625	5649	22860	31106	76202	164686	361799	673722	1304836	2764946	5384183	12031591	23281535	49738962	114930373	295317716
JavaIMPL 3	73	81	1318	647	1223	6175	6808	17646	62788	105459	201648	418831	931172	1848560	3771424	7816655	15994851	32419457	66584905	137413902
OurIMPL 4	90	59	2056	6884	2689	7555	20755	51368	84856	87156	291854	629380	1217524	2382029	5075647	10173554	21419397	47148660	106772594	357007220
JavaIMPL 4	79	76	846	857	1160	3202	9338	23145	41551	93482	187379	421149	925132	1797833	3736309	7537913	15447063	31316000	65062800	134040601
OurIMPL 5	105	106	1433	1535	4106	8169	17620	67191	84479	163411	276451	601955	1170741	2405200	4789064	9635326	21491798	47262927	113800187	333859248
JavaIMPL 5	103	74	1122	850	1876	2559	9989	15863	43805	109189	211600	450320	901795	1888150	3812734	7719268	16502820	32494337	64040379	137295019
OurIMPL 6	113	84	1287	1191	2922	6816	9278	38219	73371	140534	278972	578889	1100995	2392363	4903443	10078377	20965522	46245617	102886948	295714288
JavaIMPL 6	81	71	1049	721	3524	2714	7240	29340	45357	97802	214917	459582	853186	1804841	3695071	7408051	15578538	30563183	62998655	127387189
OurIMPL 7	93	112	919	1311	2635	11056	19451	52089	64975	118199	279570	612120	1205988	2346990	4983766	10351145	21490791	47399150	105714857	300938908
JavaIMPL 7	71	68	1331	1340	1731	3130	9817	27285	35012	99221	211207	407927	905663	1778234	3813390	7771951	16088043	31488226	64135987	132237099
OurIMPL 8	112	57	1785	1400	3077	10200	12345	40661	100326	152492	360862	648956	1321809	2620585	4910960	10678883	23453065	49806950	131782874	336271004
JavaIMPL 8	121	70	986	777	1897	2619	9734	21586	52224	107251	118129	290141	684553	1615706	3540705	7946958	15543716	23871933	63947442	130231258
OurIMPL 9	90	64	1366	1604	4090	6686	13869	52278	66960	180164	308605	675727	1196362	2469449	4805881	9999154	21782410	46130334	109632729	381079170
JavaIMPL 9	89	64	1055	654	1082	4677	11366	14295	44867	111523	221179	486203	940182	1840515	3782587	7701684	16026434	32544744	67128010	138999580


Starting RemoveTail Benchmark Concurrent 8
OurIMPL 0	159	204	146	2055	7767	11392	26979	48422	106629	206188	422691	960717	1622925	3058087	6224343	11978255	25710742	53468874	108830928	252522417
JavaIMPL 0	175	153	128	1163	3401	8069	14761	30374	86795	59296	269078	651413	1217079	2440531	4472154	9455406	19282856	38914772	80060778	162349342
OurIMPL 1	195	246	160	4631	4264	23747	45853	50424	107576	180849	316445	697082	1514562	3378027	4365186	12775445	27448108	103393812	116075597	261131710
JavaIMPL 1	177	167	138	1550	3321	5084	10177	28772	49378	82527	279939	634207	1223775	2569159	4758732	9945286	19562075	39070287	79943005	162817182
OurIMPL 2	290	176	133	3272	3085	11140	24378	43984	101437	201372	287251	864124	1618539	3070769	6281533	12878953	26240155	54701974	113490416	232091781
JavaIMPL 2	162	179	154	2068	2025	6369	11806	23298	38685	94766	344672	607972	1174399	2452180	4801809	9690145	19240291	39376912	79318162	162990221
OurIMPL 3	168	193	166	2491	3614	20836	7921	69527	100667	216447	339828	635945	1648697	3295785	6524750	12198186	26199181	55519236	112819167	253955023
JavaIMPL 3	167	161	163	1895	1997	5440	14816	23113	60055	148723	283192	654469	1191242	2410603	4897429	9736866	19261442	39160103	81316650	163920658
OurIMPL 4	169	131	133	3099	8189	16504	38740	66425	87621	153539	386257	765439	1632650	3151897	6690960	12976345	27241956	67272443	117490869	262732424
JavaIMPL 4	175	169	161	2372	4107	5232	14911	28720	39635	84223	274196	617281	1211121	2440669	4833366	9676704	19540951	39170189	79465376	163652101
OurIMPL 5	173	156	141	6796	2982	36423	45494	34452	110007	218371	294616	897317	1548937	3223763	6475228	13046328	27278274	56649455	117763583	258317642
JavaIMPL 5	192	192	148	1455	2452	4763	12940	24777	46862	81497	259889	634497	1212886	2364946	4843418	9925641	19475442	39642649	80915023	120798943
OurIMPL 6	290	151	176	1605	7975	22703	24647	65747	86490	184287	481165	645965	1362313	3082525	6044854	12237227	25564705	52947921	117132917	253226999
JavaIMPL 6	191	126	163	1681	1742	7388	10472	27530	57070	88718	283715	661332	1219140	2487943	4750953	9886930	19453470	39518264	80945917	162228332
OurIMPL 7	163	141	199	6415	17349	20520	15030	52922	137759	166793	378170	575720	1569722	3200608	6187475	12738317	26623099	54811856	112462892	222746317
JavaIMPL 7	173	143	150	26883	1479	4148	14912	32260	57744	151138	291825	687360	1196459	2390889	4820757	9532373	19558886	39937509	80064725	163243765
OurIMPL 8	160	143	179	3430	4621	20652	12387	19798	137145	159393	317572	510514	1484289	2909480	6215772	12595129	27336871	56162863	117975982	261254975
JavaIMPL 8	154	138	136	2890	4426	7278	11082	35480	50507	97249	289591	662986	1239225	2415453	4790176	9764119	19465868	39463302	79483667	163679232
OurIMPL 9	200	143	139	2011	2227	21659	72691	37499	49766	164129	358768	743470	1507978	3162959	6619765	13347663	26407650	56605702	127896311	255047126
JavaIMPL 9	227	138	140	1262	2618	7818	14271	22458	48740	108814	194666	635911	1185156	2493176	4871899	9638321	19544314	39568008	80455075	163816286


Starting ContainsRandom Benchmark Sync
OurIMPL 0	4630	1078	1280	2244	4294	8376	18203	38499	73105	67028	146250	334092	817009	1962780	4701292	13111750	37924481	128192946	512622279	2341470126
JavaIMPL 0	21087	1693	1388	2093	4526	9431	18721	46369	109934	186307	206589	341231	770192	1650753	3405958	7541784	18226643	39618421	116058885	305349831
OurIMPL 1	6771	187	310	614	1281	2652	5689	12539	26113	56940	132506	312087	743184	1821201	4347387	11193245	33554727	124142886	501272923	2262633768
JavaIMPL 1	284	158	227	453	975	1699	4234	8884	19708	43079	102121	223738	517328	1251521	3072208	7331064	17241245	42987106	120776597	314274115
OurIMPL 2	347	184	309	649	1290	2596	5733	12382	26037	56647	132140	316278	739351	1814777	4354563	11137675	33950326	139518662	356110444	1763585052
JavaIMPL 2	313	77	146	316	660	1513	3450	9701	20174	45758	101244	227606	540094	1300808	3098491	7428753	17226019	43318750	120794799	307967993
OurIMPL 3	662	172	325	696	1305	2590	5776	12357	25855	57308	130468	312407	740706	1831532	4343250	12226021	34820480	125364632	512680363	1370695425
JavaIMPL 3	217	95	244	382	674	1485	3997	8925	20102	42085	100762	226654	520434	1270973	3108300	7590021	17338050	43913926	124253489	310176407
OurIMPL 4	313	181	330	703	1334	2727	5894	20009	26248	57354	136949	329146	765677	1835991	4356559	11270619	34164162	124321138	504134108	1046988566
JavaIMPL 4	621	179	222	557	876	1601	4538	8588	19259	43112	99677	231588	529717	1279945	3177579	7539657	17497750	43271151	121757234	308891608
OurIMPL 5	320	183	353	670	1284	2699	5601	12082	25766	56683	135192	317252	744521	1826153	4393164	11085686	33591530	123543787	503587060	2290585843
JavaIMPL 5	254	78	179	334	878	1761	3531	9098	19830	42713	96571	222901	504435	1256620	3077690	7459217	19444238	41105809	117122875	307303867
OurIMPL 6	328	180	320	616	1282	2554	5475	11920	25645	57674	131564	313490	734215	1845791	4300124	11119841	34651124	124555200	507327649	2323296537
JavaIMPL 6	350	100	292	249	827	1800	3870	9317	19322	45553	102547	229028	525968	1243819	3056366	7337505	17204448	43160874	121329177	310388278
OurIMPL 7	522	176	387	732	1500	3382	6923	16267	31165	57906	132509	322945	742265	1803349	4366005	11202683	34762042	128487544	507136722	2304856788
JavaIMPL 7	287	101	245	507	866	1910	4403	9422	20836	42268	95356	233030	529878	1281095	3145764	7480218	17342385	43163311	122534663	310736751
OurIMPL 8	338	175	298	694	1280	2525	5601	12307	30256	75900	133444	316162	733514	1798196	4295104	11072511	32513637	109089625	459091173	2142062147
JavaIMPL 8	276	91	153	319	807	1798	4075	8505	18611	42370	100341	217442	511291	1247518	3135508	7626508	17379874	42989899	122927854	313303672
OurIMPL 9	231	197	330	661	1331	2657	5694	11998	25534	56657	133674	321088	750533	1863562	4417652	11114588	30415868	97361573	420961017	2063301790
JavaIMPL 9	282	94	156	261	534	1723	3808	8731	20590	46075	102612	227741	513680	1258776	3080943	7348273	17098387	43695323	122226256	313908978


Starting ContainsRandom Benchmark Concurrent 1
OurIMPL 0	356	204	335	688	1332	2589	5579	12631	26256	57371	132461	311124	727024	1854015	4384112	11200290	26158989	99979504	441533116	2036505168
JavaIMPL 0	333	125	216	400	796	1867	3970	9324	20910	42518	98255	237936	524478	1285973	3105514	7344985	17413630	46183142	120536048	309506961
OurIMPL 1	313	230	358	653	1317	2679	5863	12347	26055	57550	132112	310352	747504	1824727	4385101	10119560	31140033	117078367	490802040	2241293119
JavaIMPL 1	307	101	186	356	1044	2027	4473	10028	22036	44293	98602	227444	515704	1246886	3076745	7264465	17440551	43300418	121768250	295605799
OurIMPL 2	284	196	323	672	1294	2571	5540	12008	25678	68408	131335	315336	748102	1788942	4317632	11089384	34253721	126632812	502802156	2173133242
JavaIMPL 2	242	128	173	437	974	1775	4382	9297	21275	47203	99490	226124	528698	1259652	3110235	7468819	17139932	43520681	121873647	312506598
OurIMPL 3	393	156	309	702	1322	2686	5670	12493	26076	67546	132338	312341	738805	1795504	4456853	11113877	33497141	125275914	505967865	1064961706
JavaIMPL 3	253	83	154	438	869	1630	4114	9640	22123	47657	101451	233820	532721	1289585	3169698	7479779	17198980	43367521	123063344	313115509
OurIMPL 4	286	163	312	635	1258	2599	5660	12162	26205	57232	133363	316528	760314	1821633	4363486	11004593	33629434	126791082	503481096	1348509027
JavaIMPL 4	323	94	144	355	605	1774	3578	7534	19062	40795	91821	212059	497654	1257212	3038076	7293206	16749157	46103062	121203466	311530266
OurIMPL 5	317	173	319	607	1304	2684	5641	12149	25918	57381	133481	310718	740341	1846050	4448081	11212725	33661673	126653961	353975497	1762194893
JavaIMPL 5	529	120	261	564	1086	1909	4960	10082	22772	44318	108066	224091	512891	1248174	3099375	7512617	17220518	43902153	124773387	285546267
OurIMPL 6	343	183	322	651	1296	2649	5709	12356	26159	58109	133258	323773	734666	1841058	4394907	11275245	35938984	128138627	502582789	1046895463
JavaIMPL 6	254	103	166	363	762	1772	3973	9396	19499	40946	96638	227610	508276	1256021	3109961	7598833	17485556	44680311	126543973	312223942
OurIMPL 7	281	191	320	638	1287	2599	5641	12100	26237	57476	131038	314581	738141	1843752	4369802	11087890	34692493	125781414	430600988	1372579398
JavaIMPL 7	211	92	162	322	670	1444	3555	9554	19923	45286	99383	225219	518199	1224382	3098441	7393021	17238616	43250490	121408266	309785078
OurIMPL 8	275	176	316	634	1335	2743	5661	12052	26138	57092	131897	311796	744477	1847430	4379107	10990905	33959506	98458141	417755448	1993347588
JavaIMPL 8	670	95	232	427	958	1654	4160	9361	20748	45750	99398	227300	519260	1275604	3146689	7466480	17617676	43193321	109522521	296726401
OurIMPL 9	298	164	313	614	1322	2535	5650	12260	25781	57718	133350	322918	759538	1917782	4703694	11814362	34283371	121743882	503462327	1343939331
JavaIMPL 9	329	96	268	335	887	1674	4226	9289	20132	46141	104542	229827	530349	1275981	3066081	7359392	16936015	42360576	121161235	313028335


Starting ContainsRandom Benchmark Concurrent 2
OurIMPL 0	247	588	277	598	1172	2993	5725	10753	25935	54664	119325	275688	623880	1435100	3344348	7964898	22660183	68143843	242814486	544395418
JavaIMPL 0	487	201	355	264	588	1715	3300	7030	24589	39131	88956	195844	441338	1038944	2566242	6282748	14955248	35283601	96544722	261356713
OurIMPL 1	214	270	409	577	1501	2879	5387	11531	24946	53673	117464	283517	615717	1433087	3307417	7788903	22343409	67783536	241250744	543382969
JavaIMPL 1	101	175	298	421	603	1742	3168	7246	17953	38350	89345	207689	468176	1112391	2636259	6441545	15572504	35653173	97979095	262904622
OurIMPL 2	357	296	362	758	1213	2262	5965	12433	26000	55386	116547	271973	621772	1436203	3328936	8077926	22248515	69437969	239384838	975976412
JavaIMPL 2	164	267	261	495	918	2592	4670	8659	18811	39789	87696	185657	468788	1075616	2620025	6360741	15173101	35306234	99591774	271952670
OurIMPL 3	245	477	429	598	1377	2267	5489	12001	24867	53600	117188	270788	616033	1455229	3273760	7808626	22247313	68598389	241400494	991298883
JavaIMPL 3	512	289	166	359	690	1828	3296	8570	19396	46150	105355	204886	461314	1074356	2559557	6212603	14775732	35067657	96704849	217565574
OurIMPL 4	153	264	297	512	1052	2798	5352	11297	25398	53047	120007	275213	633855	1464414	3313492	8176470	22578105	69716383	248993631	1019776371
JavaIMPL 4	179	263	205	391	592	1762	4296	8170	18160	38765	84541	198216	442449	1096969	2634048	6291062	14861154	35111339	98875488	270062692
OurIMPL 5	347	393	348	842	1124	2240	5531	11661	24886	54073	116773	262338	612220	1417895	3278789	7866021	22337913	69975399	168231894	765107992
JavaIMPL 5	59	497	143	424	671	1656	3927	8558	21761	43202	93704	208728	456888	1077597	2651496	6303217	14834041	35177643	99324108	266286894
OurIMPL 6	180	358	363	734	1424	2746	5473	12308	26040	53432	120288	272610	620664	1448493	3230726	7712020	22203482	67899464	234418881	550772471
JavaIMPL 6	82	272	231	249	773	1385	3477	7250	16559	42825	93058	208519	471395	1079318	2620334	6374847	15237641	35574320	100673496	268116485
OurIMPL 7	300	219	282	849	1358	2708	5470	11907	25400	53635	116799	271996	633284	1449604	3304664	7904407	22071028	66865794	229897911	943241006
JavaIMPL 7	161	294	155	315	606	1569	3736	8222	17428	42024	89501	211263	472904	1061177	2664343	6362613	14823455	35104074	100046724	268327066
OurIMPL 8	609	241	428	619	1178	2818	5653	11766	25455	58701	113393	268728	624608	1461708	3338397	8050834	22663711	57846089	208942534	882929167
JavaIMPL 8	490	144	142	507	1111	1560	4265	9327	22028	47194	95622	197720	456191	1062895	2646056	7379716	14996141	35460143	97659458	260415397
OurIMPL 9	245	289	281	744	1181	2318	5455	11429	25355	53716	117657	270731	632877	1429461	3240819	7769703	21520476	65868809	231170324	532816337
JavaIMPL 9	258	176	140	410	556	1575	3387	9031	18748	42893	95924	212185	480951	1086991	2585208	6318791	14768091	35548708	100775705	267313683


Starting ContainsRandom Benchmark Concurrent 4
OurIMPL 0	581	108	820	990	1817	3171	7690	14034	32490	76336	160441	344535	760274	1671715	3688017	8158061	19352767	53913609	151802814	425810712
JavaIMPL 0	329	121	343	370	1040	1824	3453	8943	17756	47835	101877	227392	535015	1080955	2524534	6254031	14831256	35029931	82199399	222859167
OurIMPL 1	518	109	5780	955	1717	3224	6293	12113	28324	62479	123384	284865	650581	1460787	3239463	7221698	17164874	47003886	137616270	356669549
JavaIMPL 1	402	128	629	401	891	1435	3739	12805	17839	47875	90882	192199	414392	982445	2244583	5446896	13042114	31657619	84305169	234884560
OurIMPL 2	391	160	776	930	1539	3443	6122	11033	23494	51201	108888	238719	541195	1271210	2965999	6632957	16386004	46977760	134916735	411095462
JavaIMPL 2	323	193	428	294	605	1795	3780	8059	17138	35534	100860	193081	426289	945833	2257407	5589606	13611782	31835608	87507347	233171911
OurIMPL 3	344	180	763	763	1242	2965	6205	13133	27050	61955	129470	282411	638709	1455870	3267879	7248021	17159716	46148746	112468942	416134323
JavaIMPL 3	304	189	454	716	701	1686	6744	9932	20564	43325	105625	202275	495353	1128071	2564195	5987479	14328262	33317275	83865808	221324250
OurIMPL 4	477	214	710	665	1772	3408	6639	14006	29242	60561	130474	289389	650976	1462227	3265010	7454688	17378976	46899710	136346105	436430804
JavaIMPL 4	262	151	448	454	666	1082	2812	9165	18864	48801	105167	245544	511722	1144674	2583170	6054365	15090495	34220359	81955635	222121554
OurIMPL 5	369	225	1265	822	1372	4148	5923	12255	34413	62049	131713	290422	675144	1486026	3230295	7264135	17337850	50156098	105505718	365932779
JavaIMPL 5	414	131	343	363	577	1651	2723	7796	18245	39994	92951	189962	425191	999943	2327764	5666410	13516673	31634762	85327043	235636136
OurIMPL 6	452	137	676	810	1578	3387	5584	10952	23496	49861	108271	241980	560856	1267793	2917465	6691777	16699389	48882051	142103786	470859965
JavaIMPL 6	652	155	441	426	1034	2103	3732	10760	23915	50864	100537	221920	515408	1135593	2604170	6317926	14823696	34561607	82861626	223857605
OurIMPL 7	267	218	637	794	1918	3675	6256	12464	29852	66717	125921	285142	646160	1456660	3235123	7314543	17176265	47007618	147971045	386967774
JavaIMPL 7	256	124	292	595	906	7283	3951	9194	20387	43214	99907	222346	496106	1108913	2651109	6380663	15351209	35372088	84994542	220679578
OurIMPL 8	374	183	975	1194	1841	3342	6469	11556	24905	55413	117084	262184	541074	1458379	3267413	7259808	17047861	46225649	134893599	468190639
JavaIMPL 8	299	256	290	274	804	1742	5345	8647	21078	40650	91234	185994	404168	917602	2282373	5459166	13471750	32130576	85641796	214634986
OurIMPL 9	483	129	706	863	1384	3160	6993	14432	28010	62354	123230	280541	653248	1460791	3302189	7369405	17130392	47340276	137592711	332513275
JavaIMPL 9	387	177	347	283	700	1322	4301	14157	20730	39680	107115	224523	490547	1150729	2653437	6243358	14877657	34385659	80762327	222575066


Starting ContainsRandom Benchmark Concurrent 8
OurIMPL 0	505	349	454	1571	2098	3014	5478	13847	34732	67578	143280	312308	665481	1514347	3474901	7686525	17263104	43696992	117301926	312449315
JavaIMPL 0	494	381	249	904	850	1855	2788	9114	19190	43864	109253	247323	517678	1215373	2763010	6557607	15340498	35383104	80335200	236434839
OurIMPL 1	580	339	378	1386	1842	4078	7665	15420	34064	65654	142275	317459	678155	1502130	3380433	7487191	16850655	42717085	118377482	315025089
JavaIMPL 1	422	466	312	711	744	1609	2642	8668	15958	41401	112030	243889	583770	1235341	2934819	6452943	15232118	35200287	85554796	239603235
OurIMPL 2	653	418	298	1441	2111	4114	7742	15105	30367	66443	136460	292197	656333	1509508	3107176	7454582	15121110	37954237	113947551	322027933
JavaIMPL 2	525	368	272	688	737	1329	3664	6953	15931	45923	107442	230078	525096	1208095	2673565	6410429	14716356	34337728	85592960	239043195
OurIMPL 3	899	346	328	1703	1578	3811	7238	12398	29211	63096	130198	262661	591466	1455397	2796656	6923380	15659099	38704166	116299656	321849080
JavaIMPL 3	461	380	327	604	750	1302	2537	7632	18502	39487	102424	225394	596759	1211767	2623049	6037701	13664157	31251827	72158877	212933525
OurIMPL 4	799	279	503	1065	1909	3383	6406	13459	32976	67105	141590	313067	675702	1514777	3368968	7529002	16882108	43173748	115143806	357862542
JavaIMPL 4	655	368	618	526	716	1151	2337	7717	22461	55031	93587	234548	565190	1213057	2776748	6563715	15456301	35546181	84744462	227844594
OurIMPL 5	656	414	308	1471	2045	3919	6724	14239	29440	68506	141464	312456	686582	1557809	3389587	7614670	17187346	43963862	118941357	309838578
JavaIMPL 5	416	371	332	783	659	1350	3764	9099	16977	49266	115163	275848	516992	1128126	2553045	6204423	14521808	34780943	81163768	224488758
OurIMPL 6	416	373	328	1201	1525	3415	6500	14959	31619	67964	136277	301104	654884	1616494	3280716	7305321	16603250	43519778	120243738	322091812
JavaIMPL 6	640	210	214	636	565	1136	3844	6690	20026	43785	104058	242935	537452	1140427	2676445	6356604	14890793	34744289	83823177	229537048
OurIMPL 7	626	238	187	1225	1682	3269	6635	13383	29999	62787	132707	289372	679030	1470575	3324977	7355031	16593372	42855941	119553847	251670843
JavaIMPL 7	593	213	191	579	798	2171	2790	6809	20152	43700	128737	252562	576563	1265432	2739654	6319995	14747470	34627186	85287876	239429055
OurIMPL 8	476	232	233	1465	1578	3504	6372	13099	28034	56360	143407	296210	619253	1526334	3476292	7558715	16985970	42784716	127952716	322333206
JavaIMPL 8	599	232	197	926	541	1136	3411	6932	18512	39811	123271	241131	562722	1204632	2774787	6140660	14986152	36298046	81656354	225368066
OurIMPL 9	751	270	187	1181	1652	3171	7786	14638	33328	69686	147499	315784	688790	1464626	3293477	7486991	16682956	42490265	118830188	317474592
JavaIMPL 9	601	221	196	532	586	1918	3829	10473	20460	49373	112145	238209	523171	1211001	2670862	6346838	14961362	34884085	82745946	232723713


Starting Insert Benchmark Sync
OurIMPL 0	988	417	550	1063	1966	3700	7545	15764	31362	64099	137533	276481	594414	1247541	2833461	7231763	19572950	85611147	413153141	1553589867
JavaIMPL 0	26905	387	440	604	908	2188	4487	9548	18496	42396	114140	186293	386616	790589	1697240	2880515	5728917	11840911	24607542	50546147
OurIMPL 1	9164	260	439	883	1739	2941	6232	13202	26972	59478	119141	243357	508844	1122707	2527361	6623515	19140616	80775294	399222760	1907406800
JavaIMPL 1	478	178	246	571	755	1438	3026	6787	13832	29337	66002	139463	288485	635160	1344406	2732263	5643544	11736088	24315706	50470133
OurIMPL 2	902	231	444	921	1724	3069	6321	13314	26737	55645	118986	246688	506691	1123269	2568935	6697748	19297814	80090803	402352528	1945339803
JavaIMPL 2	684	156	236	430	825	1546	3460	7857	15227	30667	69063	143807	297125	628771	1345135	2718383	5641307	11962337	25132296	49902883
OurIMPL 3	464	228	436	897	1674	2996	6485	13407	26795	55415	119382	249595	506646	1119455	2522219	6622763	18950919	79076441	396525953	1949543889
JavaIMPL 3	385	116	154	458	826	1373	3550	7227	15369	32875	71547	137495	289525	613131	1295925	2714228	5812103	11943874	24509842	50524710
OurIMPL 4	467	241	402	889	1736	3010	6439	13268	27031	55982	120035	244302	507169	1116008	2536482	6670738	19092067	78814445	397006954	1948585943
JavaIMPL 4	370	121	236	616	661	1154	3020	6831	14981	34220	69419	137674	303397	645949	1340104	2762918	5781931	11760624	24129366	106306255
OurIMPL 5	901	231	421	891	1680	3176	6382	13241	27058	58429	118660	246778	516217	1148770	2724667	7118096	18995301	80432048	396908959	1985663449
JavaIMPL 5	548	145	245	344	605	1330	3199	7556	15660	31887	66239	145387	294876	635031	1294597	2709849	5696494	11402154	23682242	50875817
OurIMPL 6	375	248	408	854	1725	2981	6402	13272	26994	55735	119015	243916	518191	1117075	2578855	6845605	19638125	80222053	401296488	1985411247
JavaIMPL 6	508	118	243	282	888	1516	3125	6437	15774	32074	66136	141388	293815	628172	1272579	2712401	5549596	11900273	23800356	50255848
OurIMPL 7	504	224	386	866	1721	3048	6357	13485	27015	56103	118921	242820	514322	1115999	2588683	6671143	19195216	79822236	397048085	1992655402
JavaIMPL 7	923	216	306	434	742	1720	3561	7350	16036	34017	68531	146545	307258	637900	1307297	2717336	5751660	11814220	24797713	49814803
OurIMPL 8	986	231	442	882	1690	2965	6401	13555	27297	56276	118649	243912	508591	1104377	2563324	6642129	19410697	81695419	397294189	1950590693
JavaIMPL 8	490	417	336	426	905	1797	3562	7678	16108	35882	71566	150186	322538	671863	1345761	2824890	5778905	11746659	25127349	51520214
OurIMPL 9	701	244	416	889	1711	3039	6481	13444	27146	55333	118120	244027	509462	1120188	2574026	6651899	19109388	79442248	309000291	1413564125
JavaIMPL 9	413	123	266	737	1046	1718	3706	7489	16787	35658	66562	138649	296430	621615	1303571	2750550	5709598	11893065	24540511	51754880


Starting Insert Benchmark Concurrent 1
OurIMPL 0	499	282	444	870	1742	3014	6250	13161	27373	56585	118859	243770	510602	1117157	2567310	6732187	19085049	79561998	395595720	2008712668
JavaIMPL 0	639	397	208	566	739	1695	3584	6983	14890	32539	70047	154493	318696	648168	1321853	2727135	5708000	11795152	24770180	50317053
OurIMPL 1	541	218	476	874	1722	3013	6254	13140	27075	55765	118005	243515	508593	1115049	2578899	6680264	19059695	81385464	392825823	1923394651
JavaIMPL 1	255	344	505	426	799	1862	3686	6868	16253	33595	71240	142792	295187	641230	1264937	2633823	5611211	12052461	24470129	51343208
OurIMPL 2	499	240	392	919	1778	3081	6355	13553	26971	56274	120118	246809	522508	1119387	2550772	6812252	19777062	83562376	401421545	1982378553
JavaIMPL 2	611	201	214	494	902	1610	3141	7351	16202	34390	73667	144630	300330	619391	1302980	2734131	5619187	12014476	25821021	51546767
OurIMPL 3	833	214	381	870	1684	3077	6315	13431	34557	55885	118373	243371	508452	1117798	2523369	6638059	19076823	82073268	398890115	1394023506
JavaIMPL 3	375	134	209	390	875	1607	3638	6800	15551	34254	71298	146491	302279	650109	1330745	2838243	5874889	12229415	25081177	52037078
OurIMPL 4	791	247	440	880	1741	3082	6371	13335	27095	56325	118769	242948	510457	1127459	2566952	6672969	19358050	83254021	399959324	1922918498
JavaIMPL 4	347	183	191	540	826	1749	3399	7083	14384	33854	64887	144016	296942	640982	1271936	2729170	5651363	11685183	24408282	51524149
OurIMPL 5	1015	228	438	874	1733	2990	6230	13168	27340	55582	119920	244973	509396	1120062	2558325	6672380	19112785	82137433	401550513	1987598187
JavaIMPL 5	259	202	223	584	736	1543	3492	7643	15763	33264	71146	149609	306463	626606	1330319	2721616	5503869	11820353	24444401	50481661
OurIMPL 6	756	250	429	878	1696	2918	6400	13236	27381	56116	118237	243195	510039	1113246	2539172	6668848	18935679	83527305	400878243	1976487229
JavaIMPL 6	301	198	229	539	757	1572	3503	7901	15016	33347	69227	140511	303042	624524	1364745	2816223	5953882	11942095	24985048	51393563
OurIMPL 7	341	219	411	875	1725	2953	6325	13406	27755	55822	119480	244036	520911	1126215	2572587	6662285	19180731	84205755	408026276	1988697057
JavaIMPL 7	687	204	227	502	814	1723	3338	7734	16059	33002	72199	140968	295238	616648	1273502	2617763	5603644	11773214	24790160	51247442
OurIMPL 8	608	240	416	853	1683	3038	6315	13239	26960	55960	118500	243207	507834	1125032	2603012	6674363	20420164	69681624	360860680	1832123612
JavaIMPL 8	511	213	315	424	962	1612	2923	7516	15160	33759	66642	137733	303750	633819	1304636	2777389	5738638	11629007	23623756	50363460
OurIMPL 9	426	237	395	875	1668	3041	6162	13197	27444	56837	118508	242573	506582	1125086	2567647	6687543	19461108	83855872	404987258	1974691023
JavaIMPL 9	851	429	280	430	843	1384	3429	7413	14956	34223	68760	147086	309974	628839	1324717	2746763	5612257	12004824	24768968	51835808


Starting Insert Benchmark Concurrent 2
OurIMPL 0	56	538	360	1079	1543	3170	6798	16058	41538	85432	173071	343900	709722	1457024	3037801	6337135	14723206	41349154	164149996	803718887
JavaIMPL 0	36	548	161	359	532	1159	16830	7536	15133	31332	70444	155225	370957	742428	1529097	3277300	6524201	13784198	28639953	56053283
OurIMPL 1	52	1278	729	2434	2355	3251	6830	13879	30800	77454	181333	369159	725091	1501710	3056140	6374641	14757151	39170144	152723317	790103402
JavaIMPL 1	43	967	257	476	825	1457	3255	7510	13584	31154	77713	165821	346119	738562	1546322	3263886	6648196	13609552	26778276	58640647
OurIMPL 2	97	770	779	794	1662	4096	6725	13869	36028	86379	163597	368796	720707	1486884	3058119	6634175	15421774	41513215	169077130	718007551
JavaIMPL 2	44	489	158	486	726	1120	3878	10384	14201	31084	60586	129783	276881	701294	1481201	3222318	6048744	13396514	27578190	58063464
OurIMPL 3	82	1160	537	1389	1536	3708	6776	14655	31129	61343	125013	269074	552806	1183450	2642565	6518564	15497716	40784688	152175226	749564850
JavaIMPL 3	41	763	231	8776	587	1763	4810	7896	17098	41890	81673	149425	341254	750554	1569073	3084671	6551305	13101854	27847003	56371748
OurIMPL 4	53	1910	472	1536	5184	4858	7360	15680	41853	87227	180747	359847	763849	1598720	3217207	6797025	15594219	41393113	160725091	774446369
JavaIMPL 4	34	663	177	323	653	2378	3364	7552	15087	35483	74473	145538	341625	783096	1610032	3249685	6555843	13485243	27995709	57622361
OurIMPL 5	42	1708	529	1208	1512	3142	6598	15924	41542	86558	191825	366273	774428	1572995	3217501	6519544	14910514	41198996	147109279	745582526
JavaIMPL 5	42	564	186	483	604	1331	3676	7514	15293	28938	71919	157489	333373	751318	1366197	3057639	6332887	13236249	27756355	57339781
OurIMPL 6	87	963	542	1082	2531	4337	8205	21241	43703	86604	177120	355748	724041	1499384	3093315	6604584	14795755	38466747	126082943	666165226
JavaIMPL 6	45	715	219	462	937	1960	3732	8424	14869	34352	86713	174346	355777	757123	1589253	3313850	6697061	13211730	27675437	59800292
OurIMPL 7	68	1179	425	662	1966	3190	5798	13823	42562	88579	180876	352349	716000	1509368	3068645	6531689	15115594	40871593	158616600	594139431
JavaIMPL 7	41	371	319	384	676	2075	4301	10092	20155	49411	99452	217132	441775	867492	1810355	3882909	8423306	16709186	34756045	74072059
OurIMPL 8	53	462	640	760	3056	3170	6583	13943	37851	87699	178082	361796	746551	1445812	3060180	6442755	14625713	40478818	164041529	787707236
JavaIMPL 8	33	598	195	574	679	2309	3888	9685	18332	47392	91839	209604	411281	884447	1849501	3777488	7730794	16831361	34820812	72876099
OurIMPL 9	40	688	394	1669	1478	3173	7051	17206	39523	83724	170376	369129	727601	1464385	3060680	6507028	14725657	39065800	149892463	757068217
JavaIMPL 9	40	729	318	326	853	1479	3616	7582	15635	39069	76058	146754	336598	751791	1501988	3127555	6484243	13432104	28348369	58956539


Starting Insert Benchmark Concurrent 4
OurIMPL 0	93	85	1173	1047	2488	4519	7296	18511	28087	90321	221365	451740	895649	1845477	3792069	7661594	15799845	35177325	87183625	241624357
JavaIMPL 0	88	76	1317	446	739	1450	3558	5967	17672	35377	71402	160206	366241	769205	1579497	3323071	7109869	14954807	31266450	64039770
OurIMPL 1	100	63	2945	1139	1560	3377	6581	14932	33093	71259	177662	418840	819985	1561261	3401158	7061607	14411106	32587820	83602072	300566559
JavaIMPL 1	73	67	634	653	707	2044	2541	6823	17264	45451	68964	152699	340280	767528	1667433	3439856	7280835	15271865	31002812	65696874
OurIMPL 2	102	79	1297	862	2253	3164	6353	25666	30517	76495	162598	390150	758310	1608355	3141292	6680938	13417983	31181019	77198161	242707547
JavaIMPL 2	125	69	982	470	631	1290	3665	8067	16791	36963	72628	150685	335094	729601	1551891	3404003	7263316	15323404	30967522	62603412
OurIMPL 3	98	86	1081	1142	2528	4484	10452	14255	30640	47576	137295	277025	697433	1610797	3389531	6726088	13811567	31682412	83322024	321682459
JavaIMPL 3	85	57	1054	9061	840	1850	2809	6407	17769	36687	76216	157070	347621	770984	1594249	3287723	7025415	14672131	30131232	74104464
OurIMPL 4	131	139	3730	841	2054	3891	6592	14725	65875	99289	187142	407561	742415	1609522	3200411	6724981	14302892	32382768	81740403	285465539
JavaIMPL 4	104	84	558	512	1414	1543	3598	5249	16554	35202	71772	149765	335816	718742	1514466	3182670	6680387	14474852	30225284	63020919
OurIMPL 5	86	73	1023	868	2118	3755	6429	13514	32178	103288	229365	442520	940241	1945872	3877271	7778138	16068908	35098382	86975983	244961045
JavaIMPL 5	77	83	693	377	694	1233	2907	5831	16922	34912	74972	152938	334094	748241	1573630	3261360	7245556	14781669	32265334	63382902
OurIMPL 6	107	73	1470	986	2174	2936	6213	12156	30243	60538	175337	400816	856015	1653291	3164201	6424060	13693397	29472937	79748508	290350859
JavaIMPL 6	70	101	579	499	704	1013	2513	7888	20880	38618	77582	167662	343898	735522	1644495	3440440	7054011	14768688	33564825	63412061
OurIMPL 7	117	122	1413	1388	1261	3582	4380	14690	60038	77782	188682	354587	792422	1633955	3242470	6571384	13917634	31388928	80360173	252594388
JavaIMPL 7	65	64	591	390	901	1461	3473	7770	15432	42076	84449	183630	415585	908260	1809560	3822332	7810884	16274479	34419974	75405726
OurIMPL 8	83	92	1278	796	1487	2776	6881	13792	30613	64941	158133	383406	767225	1567428	3187429	6471653	13478613	30799564	80102850	298883412
JavaIMPL 8	89	60	724	466	1373	1143	1994	5384	15912	32140	90169	135485	410132	881893	1777665	3759778	7485310	15234833	30822831	64004056
OurIMPL 9	101	60	2278	1865	1578	3130	6540	15269	32858	105829	225081	440762	922875	1872575	3838595	7740475	16045209	33738055	81587637	228921358
JavaIMPL 9	113	67	796	387	859	1506	3636	7179	16363	36056	78841	153826	345353	757506	1613925	3519374	7297361	14666913	30620606	63660686


Starting Insert Benchmark Concurrent 8
OurIMPL 0	134	144	168	2508	1904	3341	6552	14866	31548	54573	101859	408145	1001326	2534637	4882127	10293168	20851783	42419057	89329545	201240581
JavaIMPL 0	163	172	217	916	1344	1726	2744	5606	20824	39436	94047	221764	419171	1019096	2062314	3460561	8860652	17350734	38030374	74936968
OurIMPL 1	177	180	135	1827	2145	3303	6104	13230	27038	148879	207737	601640	1127216	2149654	4966021	9841722	19262789	40353710	84269231	183808113
JavaIMPL 1	185	142	151	865	834	1786	2256	7727	11900	36012	86312	150384	457869	823689	1766193	3685677	7704524	16705156	32428370	65888453
OurIMPL 2	231	167	120	1508	1712	3365	6518	26411	32375	64280	234511	516355	1229211	2537404	5190628	10064220	20475601	40768103	107813342	174423234
JavaIMPL 2	187	148	152	1168	926	2804	2785	6894	15655	35109	84856	191703	360110	760544	1637620	4313628	9162272	18448748	35602655	81945794
OurIMPL 3	173	141	149	1691	1924	3384	6722	12422	26055	74077	203172	526280	1181544	2383766	5004010	9809632	20176712	39950628	85361612	186705428
JavaIMPL 3	159	187	139	915	742	2381	2561	5195	14379	36886	66308	185991	367136	769121	2138389	4288147	9008438	18102702	35741922	74907638
OurIMPL 4	188	152	136	1834	1666	3105	6355	13614	27530	125367	224234	506054	1135260	2492167	4705175	9759578	19799467	40283496	86048045	189681665
JavaIMPL 4	181	171	167	869	1550	9203	2793	6542	12683	34514	74746	161041	380498	750829	2123927	4424960	8763420	18293984	37472295	80257578
OurIMPL 5	181	197	153	1524	1820	3712	7510	12034	28663	59742	233581	589090	1213911	2422222	4892191	9698640	19414955	39712143	86051583	191986838
JavaIMPL 5	161	199	131	1710	916	1406	3458	9103	19478	38999	87565	215900	418486	814140	1685783	4245421	8968408	16457971	37425290	80187852
OurIMPL 6	187	163	138	1370	1756	3021	5894	37586	43766	62212	270585	683364	1109254	2516405	4994236	9958292	19477907	39549667	84487746	185498652
JavaIMPL 6	173	178	154	1090	674	1189	3581	6468	17076	36312	71245	163684	370679	772016	1693865	4084721	7428883	18550388	36594352	78675792
OurIMPL 7	186	158	167	1688	1829	2956	8292	12548	47823	65007	165240	486272	950635	2111108	4411301	9078061	20253054	47213054	79279505	192774111
JavaIMPL 7	184	182	125	147603	855	1533	3522	7648	19949	34131	95064	179614	373941	795393	2086017	3559096	8947510	18550444	36454962	77611053
OurIMPL 8	186	146	137	1742	1702	2842	6357	12244	27674	64222	262972	478212	1118215	2484678	4845316	9701737	19229242	39369029	85317061	183387527
JavaIMPL 8	177	166	135	921	981	1250	3551	8120	13804	34586	74181	170927	364474	758735	1947523	4332270	8595252	17325183	38624593	71144893
OurIMPL 9	165	146	140	1764	2495	3477	13064	13275	29096	132556	186712	493194	1160274	2269124	4765072	9881848	19383352	39446413	85079423	194963245
JavaIMPL 9	163	136	128	697	966	2875	3398	5886	17283	34257	81926	168563	424317	982782	1637907	3540158	7533490	18674564	39209488	78948678
こんにちわTests run: 7, Failures: 0, Errors: 0, Skipped: 0, Time elapsed: 496.527 sec - in com.johnstarich.ee360p.skiplist.JavaConcurrentSkipListSetTest

Results :

Tests run: 14, Failures: 0, Errors: 0, Skipped: 0

[INFO] ------------------------------------------------------------------------
[INFO] BUILD SUCCESS
[INFO] ------------------------------------------------------------------------
[INFO] Total time: 08:17 min
[INFO] Finished at: 2017-04-24T14:27:21-05:00
[INFO] Final Memory: 17M/296M
[INFO] ------------------------------------------------------------------------
