[INFO] Scanning for projects...
[INFO] 
[INFO] ------------------------------------------------------------------------
[INFO] Building java-skip-list 1.0
[INFO] ------------------------------------------------------------------------
[INFO] 
[INFO] --- maven-checkstyle-plugin:2.17:check (validate) @ java-skip-list ---
[INFO] Starting audit...
Audit done.
[INFO] 
[INFO] --- maven-resources-plugin:2.6:resources (default-resources) @ java-skip-list ---
[INFO] Using 'UTF-8' encoding to copy filtered resources.
[INFO] skip non existing resourceDirectory /Users/julian/Documents/School/java-skip-list/src/main/resources
[INFO] 
[INFO] --- maven-compiler-plugin:3.6.1:compile (default-compile) @ java-skip-list ---
[INFO] Nothing to compile - all classes are up to date
[INFO] 
[INFO] --- maven-resources-plugin:2.6:testResources (default-testResources) @ java-skip-list ---
[INFO] Using 'UTF-8' encoding to copy filtered resources.
[INFO] skip non existing resourceDirectory /Users/julian/Documents/School/java-skip-list/src/test/resources
[INFO] 
[INFO] --- maven-compiler-plugin:3.6.1:testCompile (default-testCompile) @ java-skip-list ---
[INFO] Changes detected - recompiling the module!
[INFO] Compiling 4 source files to /Users/julian/Documents/School/java-skip-list/target/test-classes
[INFO] 
[INFO] --- maven-surefire-plugin:2.12.4:test (default-test) @ java-skip-list ---
[INFO] Surefire report directory: /Users/julian/Documents/School/java-skip-list/target/surefire-reports

-------------------------------------------------------
 T E S T S
-------------------------------------------------------
Running com.johnstarich.ee360p.skiplist.JavaConcurrentSkipListSetTest


Starting RemoveRandom Benchmark Sync
OurIMPL 0	814138	10014
JavaIMPL 0	36669	10616
OurIMPL 1	4988	5633
JavaIMPL 1	6652	5066
OurIMPL 2	3298	35683
JavaIMPL 2	3969	5138
OurIMPL 3	3151	7663
JavaIMPL 3	5656	5187
OurIMPL 4	3060	5086
JavaIMPL 4	5728	5674
OurIMPL 5	3069	15471
JavaIMPL 5	4486	4902
OurIMPL 6	3088	7471
JavaIMPL 6	3932	5077
OurIMPL 7	3029	5104
JavaIMPL 7	4793	6785
OurIMPL 8	3631	5567
JavaIMPL 8	5573	6126
OurIMPL 9	3421	5092
JavaIMPL 9	4321	6157


Starting RemoveRandom Benchmark Concurrent 1
OurIMPL 0	4761	6696
JavaIMPL 0	7337	5546
OurIMPL 1	3679	5602
JavaIMPL 1	5248	7414
OurIMPL 2	3332	11323
JavaIMPL 2	4377	8474
OurIMPL 3	4165	5319
JavaIMPL 3	5071	8814
OurIMPL 4	2847	4508
JavaIMPL 4	7581	5523
OurIMPL 5	3414	4774
JavaIMPL 5	4725	8900
OurIMPL 6	3621	4742
JavaIMPL 6	3841	6265
OurIMPL 7	3115	4844
JavaIMPL 7	4730	6412
OurIMPL 8	2895	7308
JavaIMPL 8	4021	8420
OurIMPL 9	2638	4478
JavaIMPL 9	8079	5915


Starting RemoveRandom Benchmark Concurrent 2
OurIMPL 0	2708	5303
JavaIMPL 0	1871	6640
OurIMPL 1	1772	5861
JavaIMPL 1	1591	10056
OurIMPL 2	2190	5221
JavaIMPL 2	1937	6245
OurIMPL 3	1849	4982
JavaIMPL 3	1831	9544
OurIMPL 4	2375	8289
JavaIMPL 4	10961	8348
OurIMPL 5	2517	6457
JavaIMPL 5	2141	11152
OurIMPL 6	2071	5200
JavaIMPL 6	1884	6980
OurIMPL 7	1754	5804
JavaIMPL 7	1585	8985
OurIMPL 8	2141	7836
JavaIMPL 8	1792	9950
OurIMPL 9	2435	6034
JavaIMPL 9	1664	8878


Starting RemoveRandom Benchmark Concurrent 4
OurIMPL 0	4250	4227
JavaIMPL 0	4450	4071
OurIMPL 1	4799	4764
JavaIMPL 1	4092	10661
OurIMPL 2	6291	5091
JavaIMPL 2	4721	5265
OurIMPL 3	4506	4014
JavaIMPL 3	10202	3579
OurIMPL 4	5273	10965
JavaIMPL 4	4057	10984
OurIMPL 5	5493	7384
JavaIMPL 5	4436	4091
OurIMPL 6	5175	11556
JavaIMPL 6	5371	3830
OurIMPL 7	5268	4868
JavaIMPL 7	5613	4656
OurIMPL 8	5725	4744
JavaIMPL 8	10216	4052
OurIMPL 9	4529	5261
JavaIMPL 9	3410	4176


Starting RemoveRandom Benchmark Concurrent 8
OurIMPL 0	9629	9908
JavaIMPL 0	11440	9394
OurIMPL 1	8867	8498
JavaIMPL 1	9512	9547
OurIMPL 2	12216	9221
JavaIMPL 2	8444	9815
OurIMPL 3	9089	10418
JavaIMPL 3	9014	6464
OurIMPL 4	10175	7874
JavaIMPL 4	6810	6018
OurIMPL 5	8473	7791
JavaIMPL 5	7570	10942
OurIMPL 6	84579	25490
JavaIMPL 6	10149	10747
OurIMPL 7	10889	9099
JavaIMPL 7	10249	7320
OurIMPL 8	11689	9514
JavaIMPL 8	10335	8898
OurIMPL 9	11379	9127
JavaIMPL 9	9503	6580


Starting RemoveHead Benchmark Sync
OurIMPL 0	7940	3311
JavaIMPL 0	5121	4893
OurIMPL 1	2635	4585
JavaIMPL 1	5639	20503
OurIMPL 2	2499	4667
JavaIMPL 2	7132	10914
OurIMPL 3	2484	4718
JavaIMPL 3	21371	5059
OurIMPL 4	2976	4826
JavaIMPL 4	4723	5145
OurIMPL 5	2657	4663
JavaIMPL 5	4393	4403
OurIMPL 6	2659	4430
JavaIMPL 6	4149	5153
OurIMPL 7	2625	4611
JavaIMPL 7	4250	6023
OurIMPL 8	2592	4970
JavaIMPL 8	4364	4287
OurIMPL 9	2560	7625
JavaIMPL 9	4736	4333


Starting RemoveHead Benchmark Concurrent 1
OurIMPL 0	2562	5044
JavaIMPL 0	4451	5861
OurIMPL 1	2516	4854
JavaIMPL 1	3975	7196
OurIMPL 2	2640	4923
JavaIMPL 2	4495	4741
OurIMPL 3	2423	4719
JavaIMPL 3	4532	7593
OurIMPL 4	2324	4865
JavaIMPL 4	4562	7876
OurIMPL 5	2649	11031
JavaIMPL 5	4196	13314
OurIMPL 6	2526	6363
JavaIMPL 6	4599	4935
OurIMPL 7	2539	4998
JavaIMPL 7	9996	4921
OurIMPL 8	5865	4933
JavaIMPL 8	4281	4822
OurIMPL 9	2654	5142
JavaIMPL 9	5083	10398


Starting RemoveHead Benchmark Concurrent 2
OurIMPL 0	248	4317
JavaIMPL 0	372	9725
OurIMPL 1	319	3853
JavaIMPL 1	243	7003
OurIMPL 2	255	4132
JavaIMPL 2	243	7389
OurIMPL 3	364	3147
JavaIMPL 3	225	14834
OurIMPL 4	301	3101
JavaIMPL 4	256	19732
OurIMPL 5	289	3436
JavaIMPL 5	222	5326
OurIMPL 6	301	3424
JavaIMPL 6	224	9689
OurIMPL 7	389	3820
JavaIMPL 7	205	9419
OurIMPL 8	1057	3192
JavaIMPL 8	209	7086
OurIMPL 9	241	4549
JavaIMPL 9	475	21615


Starting RemoveHead Benchmark Concurrent 4
OurIMPL 0	931	783
JavaIMPL 0	754	723
OurIMPL 1	826	676
JavaIMPL 1	575	528
OurIMPL 2	1320	1155
JavaIMPL 2	402	651
OurIMPL 3	806	690
JavaIMPL 3	717	913
OurIMPL 4	900	666
JavaIMPL 4	814	771
OurIMPL 5	705	663
JavaIMPL 5	791	573
OurIMPL 6	909	806
JavaIMPL 6	730	701
OurIMPL 7	880	756
JavaIMPL 7	636	800
OurIMPL 8	901	413
JavaIMPL 8	299	293
OurIMPL 9	384	299
JavaIMPL 9	350	357


Starting RemoveHead Benchmark Concurrent 8
OurIMPL 0	655	702
JavaIMPL 0	840	818
OurIMPL 1	629	532
JavaIMPL 1	622	615
OurIMPL 2	578	1791
JavaIMPL 2	563	403
OurIMPL 3	462	605
JavaIMPL 3	651	537
OurIMPL 4	483	636
JavaIMPL 4	664	600
OurIMPL 5	555	684
JavaIMPL 5	750	515
OurIMPL 6	549	458
JavaIMPL 6	433	638
OurIMPL 7	642	635
JavaIMPL 7	623	623
OurIMPL 8	790	669
JavaIMPL 8	748	778
OurIMPL 9	730	615
JavaIMPL 9	672	595


Starting RemoveTail Benchmark Sync
OurIMPL 0	2488	3406
JavaIMPL 0	5974	3854
OurIMPL 1	1916	3223
JavaIMPL 1	3336	4658
OurIMPL 2	3394	3540
JavaIMPL 2	3769	3384
OurIMPL 3	1819	2824
JavaIMPL 3	3628	3339
OurIMPL 4	1422	5404
JavaIMPL 4	2921	4352
OurIMPL 5	2172	2622
JavaIMPL 5	2978	3324
OurIMPL 6	2324	4020
JavaIMPL 6	4238	4624
OurIMPL 7	1592	2691
JavaIMPL 7	3091	4306
OurIMPL 8	1531	4831
JavaIMPL 8	3161	8995
OurIMPL 9	1466	2770
JavaIMPL 9	3285	3258


Starting RemoveTail Benchmark Concurrent 1
OurIMPL 0	1638	2853
JavaIMPL 0	14389	3035
OurIMPL 1	1588	2789
JavaIMPL 1	2626	3854
OurIMPL 2	1590	3206
JavaIMPL 2	2578	4255
OurIMPL 3	8868	5111
JavaIMPL 3	2917	3106
OurIMPL 4	1765	2777
JavaIMPL 4	2674	3065
OurIMPL 5	1541	2810
JavaIMPL 5	2566	3101
OurIMPL 6	1768	2785
JavaIMPL 6	2635	2996
OurIMPL 7	1575	2692
JavaIMPL 7	2670	3457
OurIMPL 8	1497	2773
JavaIMPL 8	2566	3167
OurIMPL 9	1471	2592
JavaIMPL 9	2557	3256


Starting RemoveTail Benchmark Concurrent 2
OurIMPL 0	269	3319
JavaIMPL 0	391	6553
OurIMPL 1	244	4141
JavaIMPL 1	241	4147
OurIMPL 2	1247	4025
JavaIMPL 2	275	6230
OurIMPL 3	324	4709
JavaIMPL 3	411	5792
OurIMPL 4	372	4489
JavaIMPL 4	384	5873
OurIMPL 5	272	4504
JavaIMPL 5	259	7353
OurIMPL 6	281	2933
JavaIMPL 6	234	5170
OurIMPL 7	264	2732
JavaIMPL 7	225	9800
OurIMPL 8	304	2836
JavaIMPL 8	242	6351
OurIMPL 9	284	2485
JavaIMPL 9	166	14716


Starting RemoveTail Benchmark Concurrent 4
OurIMPL 0	436	590
JavaIMPL 0	592	386
OurIMPL 1	400	555
JavaIMPL 1	403	407
OurIMPL 2	390	756
JavaIMPL 2	365	576
OurIMPL 3	429	513
JavaIMPL 3	634	464
OurIMPL 4	409	571
JavaIMPL 4	536	559
OurIMPL 5	512	706
JavaIMPL 5	596	469
OurIMPL 6	1329	383
JavaIMPL 6	504	364
OurIMPL 7	441	1254
JavaIMPL 7	587	432
OurIMPL 8	495	1360
JavaIMPL 8	398	738
OurIMPL 9	378	874
JavaIMPL 9	438	703


Starting RemoveTail Benchmark Concurrent 8
OurIMPL 0	1276	1128
JavaIMPL 0	1036	1020
OurIMPL 1	976	1203
JavaIMPL 1	1690	788
OurIMPL 2	1340	1540
JavaIMPL 2	1373	1567
OurIMPL 3	1525	1467
JavaIMPL 3	1584	1673
OurIMPL 4	2043	645
JavaIMPL 4	512	600
OurIMPL 5	656	617
JavaIMPL 5	661	776
OurIMPL 6	537	526
JavaIMPL 6	575	522
OurIMPL 7	443	466
JavaIMPL 7	561	427
OurIMPL 8	399	576
JavaIMPL 8	538	619
OurIMPL 9	496	476
JavaIMPL 9	641	476


Starting ContainsRandom Benchmark Sync
OurIMPL 0	10069	1841
JavaIMPL 0	8266	2159
OurIMPL 1	1280	1284
JavaIMPL 1	1501	1945
OurIMPL 2	1276	1436
JavaIMPL 2	1489	1782
OurIMPL 3	1215	8794
JavaIMPL 3	2756	3217
OurIMPL 4	1117	1348
JavaIMPL 4	1464	1604
OurIMPL 5	1162	1294
JavaIMPL 5	1237	1570
OurIMPL 6	1414	1559
JavaIMPL 6	1206	1682
OurIMPL 7	1068	1210
JavaIMPL 7	1135	1986
OurIMPL 8	1088	1252
JavaIMPL 8	1207	1423
OurIMPL 9	1478	1623
JavaIMPL 9	1351	1711


Starting ContainsRandom Benchmark Concurrent 1
OurIMPL 0	1337	1521
JavaIMPL 0	1516	1857
OurIMPL 1	1504	1535
JavaIMPL 1	1462	2095
OurIMPL 2	1282	1482
JavaIMPL 2	1426	1852
OurIMPL 3	1441	1375
JavaIMPL 3	1628	1666
OurIMPL 4	1152	1337
JavaIMPL 4	1448	2128
OurIMPL 5	1739	1594
JavaIMPL 5	1694	1858
OurIMPL 6	1363	1492
JavaIMPL 6	1644	1958
OurIMPL 7	1328	1480
JavaIMPL 7	1615	2013
OurIMPL 8	1388	1542
JavaIMPL 8	1468	1815
OurIMPL 9	1238	1391
JavaIMPL 9	1449	1802


Starting ContainsRandom Benchmark Concurrent 2
OurIMPL 0	962	1975
JavaIMPL 0	1419	3557
OurIMPL 1	869	3064
JavaIMPL 1	757	4027
OurIMPL 2	896	2187
JavaIMPL 2	614	3555
OurIMPL 3	749	2124
JavaIMPL 3	472	3489
OurIMPL 4	792	2966
JavaIMPL 4	782	4597
OurIMPL 5	716	2639
JavaIMPL 5	619	3447
OurIMPL 6	1306	2535
JavaIMPL 6	814	5663
OurIMPL 7	3146	2154
JavaIMPL 7	750	2672
OurIMPL 8	895	1918
JavaIMPL 8	625	2569
OurIMPL 9	730	8748
JavaIMPL 9	1075	3110


Starting ContainsRandom Benchmark Concurrent 4
OurIMPL 0	2698	2539
JavaIMPL 0	1332	2009
OurIMPL 1	1990	2015
JavaIMPL 1	1469	1446
OurIMPL 2	2610	2425
JavaIMPL 2	1616	1353
OurIMPL 3	2019	1930
JavaIMPL 3	1743	3849
OurIMPL 4	2591	1551
JavaIMPL 4	1974	1571
OurIMPL 5	2486	1713
JavaIMPL 5	1830	1807
OurIMPL 6	2937	1416
JavaIMPL 6	8405	1686
OurIMPL 7	3601	2086
JavaIMPL 7	1816	1563
OurIMPL 8	2936	1974
JavaIMPL 8	2298	2284
OurIMPL 9	2292	1917
JavaIMPL 9	1458	1991


Starting ContainsRandom Benchmark Concurrent 8
OurIMPL 0	5722	4644
JavaIMPL 0	3713	2960
OurIMPL 1	4074	5041
JavaIMPL 1	5105	6043
OurIMPL 2	6771	11422
JavaIMPL 2	4131	4279
OurIMPL 3	5686	5309
JavaIMPL 3	5572	4727
OurIMPL 4	6687	6642
JavaIMPL 4	7469	11440
OurIMPL 5	5294	13748
JavaIMPL 5	5681	5378
OurIMPL 6	4977	22947
JavaIMPL 6	6945	5585
OurIMPL 7	5719	120037
JavaIMPL 7	3312	2627
OurIMPL 8	3114	3158
JavaIMPL 8	3111	2870
OurIMPL 9	2892	3087
JavaIMPL 9	3867	3295


Starting Insert Benchmark Sync
OurIMPL 0	6817	2552
JavaIMPL 0	8510	2784
OurIMPL 1	6030	2766
JavaIMPL 1	3328	4164
OurIMPL 2	3269	2314
JavaIMPL 2	1892	1663
OurIMPL 3	3049	2284
JavaIMPL 3	1654	1739
OurIMPL 4	2667	2286
JavaIMPL 4	1734	1850
OurIMPL 5	2557	2150
JavaIMPL 5	3188	1884
OurIMPL 6	2544	2169
JavaIMPL 6	1562	1739
OurIMPL 7	2632	2185
JavaIMPL 7	4987	3575
OurIMPL 8	2758	2104
JavaIMPL 8	1572	2926
OurIMPL 9	2464	2110
JavaIMPL 9	2582	1774


Starting Insert Benchmark Concurrent 1
OurIMPL 0	4073	3558
JavaIMPL 0	6270	2389
OurIMPL 1	3328	2697
JavaIMPL 1	1895	5356
OurIMPL 2	2891	2567
JavaIMPL 2	1714	2028
OurIMPL 3	4268	4009
JavaIMPL 3	2058	2124
OurIMPL 4	3543	3450
JavaIMPL 4	2231	5886
OurIMPL 5	3619	2784
JavaIMPL 5	1965	2197
OurIMPL 6	3414	2450
JavaIMPL 6	2045	2175
OurIMPL 7	3368	2657
JavaIMPL 7	3401	2283
OurIMPL 8	3272	2578
JavaIMPL 8	1954	2193
OurIMPL 9	3322	2436
JavaIMPL 9	3302	5100


Starting Insert Benchmark Concurrent 2
OurIMPL 0	316	7653
JavaIMPL 0	269	20503
OurIMPL 1	330	17878
JavaIMPL 1	306	12498
OurIMPL 2	330	10102
JavaIMPL 2	298	7882
OurIMPL 3	344	8592
JavaIMPL 3	233	26774
OurIMPL 4	308	8373
JavaIMPL 4	291	6363
OurIMPL 5	344	7993
JavaIMPL 5	333	8680
OurIMPL 6	362	5716
JavaIMPL 6	187	6508
OurIMPL 7	319	9142
JavaIMPL 7	219	5974
OurIMPL 8	301	7498
JavaIMPL 8	232	6691
OurIMPL 9	287	12380
JavaIMPL 9	274	6054


Starting Insert Benchmark Concurrent 4
OurIMPL 0	790	870
JavaIMPL 0	481	444
OurIMPL 1	669	645
JavaIMPL 1	569	881
OurIMPL 2	519	846
JavaIMPL 2	1101	473
OurIMPL 3	681	406
JavaIMPL 3	621	548
OurIMPL 4	453	731
JavaIMPL 4	383	962
OurIMPL 5	796	508
JavaIMPL 5	765	538
OurIMPL 6	576	794
JavaIMPL 6	802	606
OurIMPL 7	686	1017
JavaIMPL 7	426	834
OurIMPL 8	731	461
JavaIMPL 8	922	733
OurIMPL 9	651	622
JavaIMPL 9	666	478


Starting Insert Benchmark Concurrent 8
OurIMPL 0	1393	1860
JavaIMPL 0	1205	1414
OurIMPL 1	1629	1154
JavaIMPL 1	1595	1427
OurIMPL 2	1811	1607
JavaIMPL 2	1458	1247
OurIMPL 3	1507	1550
JavaIMPL 3	1717	1295
OurIMPL 4	1678	1341
JavaIMPL 4	1268	1536
OurIMPL 5	736	670
JavaIMPL 5	617	700
OurIMPL 6	610	610
JavaIMPL 6	602	615
OurIMPL 7	390	568
JavaIMPL 7	554	564
OurIMPL 8	434	456
JavaIMPL 8	497	623
OurIMPL 9	764	681
JavaIMPL 9	528	436
こんにちわTests run: 7, Failures: 0, Errors: 0, Skipped: 0, Time elapsed: 0.217 sec
Running com.johnstarich.ee360p.skiplist.SkipListEdgeTest


Starting test: addLots1
[]
[5, ]
[2, 5, ]
[2, 4, 5, ]
[2, 3, 4, 5, ]


Starting test: addLots


Starting test: remove


Starting test: contains


Starting test: addMultiple


Starting test: add
Tests run: 6, Failures: 0, Errors: 0, Skipped: 0, Time elapsed: 0.01 sec
Running com.johnstarich.ee360p.skiplist.SkipListTest
Tests run: 1, Failures: 0, Errors: 0, Skipped: 0, Time elapsed: 0 sec

Results :

Tests run: 14, Failures: 0, Errors: 0, Skipped: 0

[INFO] ------------------------------------------------------------------------
[INFO] BUILD SUCCESS
[INFO] ------------------------------------------------------------------------
[INFO] Total time: 3.124 s
[INFO] Finished at: 2017-04-25T13:48:47-05:00
[INFO] Final Memory: 21M/257M
[INFO] ------------------------------------------------------------------------
